<!DOCTYPE html PUBLIC "-//W3C//DTD XHTML 1.1//EN" "http://www.w3.org/TR/xhtml11/DTD/xhtml11.dtd">
<html xmlns="http://www.w3.org/1999/xhtml"><head><title>TestNG Report</title><style type="text/css">table {margin-bottom:10px;border-collapse:collapse;empty-cells:show}th,td {border:1px solid #009;padding:.25em .5em}th {vertical-align:bottom}td {vertical-align:top}table a {font-weight:bold}.stripe td {background-color: #E6EBF9}.num {text-align:right}.passedodd td {background-color: #3F3}.passedeven td {background-color: #0A0}.skippedodd td {background-color: #DDD}.skippedeven td {background-color: #CCC}.failedodd td,.attn {background-color: #F33}.failedeven td,.stripe .attn {background-color: #D00}.stacktrace {white-space:pre;font-family:monospace}.totop {font-size:85%;text-align:center;border-bottom:2px solid #000}</style></head><body><table><tr><th>Test</th><th># Passed</th><th># Skipped</th><th># Failed</th><th>Time (ms)</th><th>Included Groups</th><th>Excluded Groups</th></tr><tr><th colspan="7">FunctionalSuite</th></tr><tr><td><a href="#t0">Test</a></td><td class="num">6</td><td class="num attn">2</td><td class="num attn">7</td><td class="num">108,209</td><td></td><td></td></tr></table><table><thead><tr><th>Class</th><th>Method</th><th>Start</th><th>Time (ms)</th></tr></thead><tbody><tr><th colspan="4">FunctionalSuite</th></tr></tbody><tbody id="t0"><tr><th colspan="4">Test &#8212; failed (configuration methods)</th></tr><tr class="failedeven"><td rowspan="1">com.TestCasesLeavePortal.EmployeeFunctions</td><td><a href="#m0">tearDown</a></td><td rowspan="1">1688222550172</td><td rowspan="1">0</td></tr><tr class="failedodd"><td rowspan="1">com.TestCasesLeavePortal.RejectLeave2</td><td><a href="#m1">tearDown</a></td><td rowspan="1">1688222577914</td><td rowspan="1">0</td></tr><tr><th colspan="4">Test &#8212; failed</th></tr><tr class="failedeven"><td rowspan="6">com.TestCasesLeavePortal.EmployeeFunctions</td><td><a href="#m2">ApplyLeave</a></td><td rowspan="1">1688222494140</td><td rowspan="1">37019</td></tr><tr class="failedeven"><td><a href="#m3">ApplyLeaveInvalidDate</a></td><td rowspan="1">1688222546494</td><td rowspan="1">3099</td></tr><tr class="failedeven"><td><a href="#m4">CancelAppliedLeave</a></td><td rowspan="1">1688222531655</td><td rowspan="1">3105</td></tr><tr class="failedeven"><td><a href="#m5">ChangePasswordDigit</a></td><td rowspan="1">1688222542883</td><td rowspan="1">3062</td></tr><tr class="failedeven"><td><a href="#m6">ViewLeaveDetail</a></td><td rowspan="1">1688222539256</td><td rowspan="1">3042</td></tr><tr class="failedeven"><td><a href="#m7">changePassword</a></td><td rowspan="1">1688222535388</td><td rowspan="1">3302</td></tr><tr class="failedodd"><td rowspan="1">com.TestCasesLeavePortal.RejectLeave2</td><td><a href="#m8">ViewLeaveDetail</a></td><td rowspan="1">1688222576635</td><td rowspan="1">1132</td></tr><tr><th colspan="4">Test &#8212; skipped (configuration methods)</th></tr><tr class="skippedeven"><td rowspan="4">com.TestCasesLeavePortal.LeaveSummaryExcel</td><td><a href="#m9">Time</a></td><td rowspan="1">1688222581122</td><td rowspan="1">0</td></tr><tr class="skippedeven"><td><a href="#m10">screenShot</a></td><td rowspan="1">1688222581124</td><td rowspan="1">0</td></tr><tr class="skippedeven"><td><a href="#m11">setup</a></td><td rowspan="1">1688222581121</td><td rowspan="1">0</td></tr><tr class="skippedeven"><td><a href="#m12">tearDown</a></td><td rowspan="1">1688222581124</td><td rowspan="1">0</td></tr><tr class="skippedodd"><td rowspan="4">com.TestCasesLeavePortal.ManagerFunctions</td><td><a href="#m13">Time</a></td><td rowspan="1">1688222555253</td><td rowspan="1">0</td></tr><tr class="skippedodd"><td><a href="#m14">screenShot</a></td><td rowspan="1">1688222555254</td><td rowspan="1">0</td></tr><tr class="skippedodd"><td><a href="#m15">setup</a></td><td rowspan="1">1688222555251</td><td rowspan="1">0</td></tr><tr class="skippedodd"><td><a href="#m16">tearDown</a></td><td rowspan="1">1688222555255</td><td rowspan="1">0</td></tr><tr><th colspan="4">Test &#8212; skipped</th></tr><tr class="skippedeven"><td rowspan="1">com.TestCasesLeavePortal.LeaveSummaryExcel</td><td><a href="#m17">LeaveSummaryData</a></td><td rowspan="1">1688222581122</td><td rowspan="1">1</td></tr><tr class="skippedodd"><td rowspan="1">com.TestCasesLeavePortal.ManagerFunctions</td><td><a href="#m18">apply</a></td><td rowspan="1">1688222555253</td><td rowspan="1">1</td></tr><tr><th colspan="4">Test &#8212; passed</th></tr><tr class="passedeven"><td rowspan="5">com.TestCasesLeavePortal.EmployeeFunctions</td><td><a href="#m19">LeavePolicy</a></td><td rowspan="1">1688222484316</td><td rowspan="1">3416</td></tr><tr class="passedeven"><td><a href="#m20">LoginTest</a></td><td rowspan="1">1688222483329</td><td rowspan="1">91</td></tr><tr class="passedeven"><td><a href="#m21">holidayList</a></td><td rowspan="1">1688222487733</td><td rowspan="1">6402</td></tr><tr class="passedeven"><td><a href="#m22">show_Employee_Details</a></td><td rowspan="1">1688222483422</td><td rowspan="1">454</td></tr><tr class="passedeven"><td><a href="#m23">show_Leave_Details</a></td><td rowspan="1">1688222483878</td><td rowspan="1">437</td></tr><tr class="passedodd"><td rowspan="1">com.TestCasesLeavePortal.RejectLeave2</td><td><a href="#m24">RejectLeave</a></td><td rowspan="1">1688222562063</td><td rowspan="1">14570</td></tr></tbody></table><h2>Test</h2><h3 id="m0">com.TestCasesLeavePortal.EmployeeFunctions#tearDown</h3><table class="result"><tr><th>Exception</th></tr><tr><td><div class="stacktrace">org.openqa.selenium.NoSuchElementException: no such element: Unable to locate element: {&quot;method&quot;:&quot;xpath&quot;,&quot;selector&quot;:&quot;//button[@class=&apos;dropdown-toggle set_drop_dwn&apos;]&quot;}
  (Session info: chrome=114.0.5735.199)
For documentation on this error, please visit: https://www.seleniumhq.org/exceptions/no_such_element.html
Build info: version: &apos;3.141.59&apos;, revision: &apos;e82be7d358&apos;, time: &apos;2018-11-14T08:17:03&apos;
System info: host: &apos;DTBLR01LP124&apos;, ip: &apos;192.168.1.10&apos;, os.name: &apos;Windows 10&apos;, os.arch: &apos;amd64&apos;, os.version: &apos;10.0&apos;, java.version: &apos;1.8.0_211&apos;
Driver info: org.openqa.selenium.chrome.ChromeDriver
Capabilities {acceptInsecureCerts: false, browserName: chrome, browserVersion: 114.0.5735.199, chrome: {chromedriverVersion: 113.0.5672.63 (0e1a4471d5ae..., userDataDir: C:\Users\DOMINI~1\AppData\L...}, goog:chromeOptions: {debuggerAddress: localhost:59512}, javascriptEnabled: true, networkConnectionEnabled: false, pageLoadStrategy: normal, platform: WINDOWS, platformName: WINDOWS, proxy: Proxy(), setWindowRect: true, strictFileInteractability: false, timeouts: {implicit: 0, pageLoad: 300000, script: 30000}, unhandledPromptBehavior: dismiss and notify, webauthn:extension:credBlob: true, webauthn:extension:largeBlob: true, webauthn:extension:minPinLength: true, webauthn:extension:prf: true, webauthn:virtualAuthenticators: true}
Session ID: 4004e329784b11590b260c6feb7fb048
*** Element info: {Using=xpath, value=//button[@class=&apos;dropdown-toggle set_drop_dwn&apos;]}
	at org.openqa.selenium.remote.http.W3CHttpResponseCodec.createException(W3CHttpResponseCodec.java:187)
	at org.openqa.selenium.remote.http.W3CHttpResponseCodec.decode(W3CHttpResponseCodec.java:122)
	at org.openqa.selenium.remote.http.W3CHttpResponseCodec.decode(W3CHttpResponseCodec.java:49)
	at org.openqa.selenium.remote.HttpCommandExecutor.execute(HttpCommandExecutor.java:158)
	at org.openqa.selenium.remote.service.DriverCommandExecutor.execute(DriverCommandExecutor.java:83)
	at org.openqa.selenium.remote.RemoteWebDriver.execute(RemoteWebDriver.java:552)
	at org.openqa.selenium.remote.RemoteWebDriver.findElement(RemoteWebDriver.java:323)
	at org.openqa.selenium.remote.RemoteWebDriver.findElementByXPath(RemoteWebDriver.java:428)
	at org.openqa.selenium.By$ByXPath.findElement(By.java:353)
	at org.openqa.selenium.remote.RemoteWebDriver.findElement(RemoteWebDriver.java:315)
	at org.openqa.selenium.support.pagefactory.DefaultElementLocator.findElement(DefaultElementLocator.java:69)
	at org.openqa.selenium.support.pagefactory.internal.LocatingElementHandler.invoke(LocatingElementHandler.java:38)
	at com.sun.proxy.$Proxy10.click(Unknown Source)
	at com.PageObjectsLeavePortal.LoginPagePOM.clickProfileButton(LoginPagePOM.java:49)
	at com.TestCasesLeavePortal.BaseClass.tearDown(BaseClass.java:80)
... Removed 28 stack frames</div></td></tr></table><p class="totop"><a href="#summary">back to summary</a></p><h3 id="m1">com.TestCasesLeavePortal.RejectLeave2#tearDown</h3><table class="result"><tr><th>Exception</th></tr><tr><td><div class="stacktrace">org.openqa.selenium.ElementClickInterceptedException: element click intercepted: Element &lt;button class=&quot;dropdown-toggle set_drop_dwn&quot; type=&quot;button&quot; data-toggle=&quot;dropdown&quot;&gt;...&lt;/button&gt; is not clickable at point (1224, 41). Other element would receive the click: &lt;div id=&quot;myModal&quot; class=&quot;modal modal-style in&quot; role=&quot;dialog&quot; style=&quot;display: block;&quot;&gt;...&lt;/div&gt;
  (Session info: chrome=114.0.5735.199)
Build info: version: &apos;3.141.59&apos;, revision: &apos;e82be7d358&apos;, time: &apos;2018-11-14T08:17:03&apos;
System info: host: &apos;DTBLR01LP124&apos;, ip: &apos;192.168.1.10&apos;, os.name: &apos;Windows 10&apos;, os.arch: &apos;amd64&apos;, os.version: &apos;10.0&apos;, java.version: &apos;1.8.0_211&apos;
Driver info: org.openqa.selenium.chrome.ChromeDriver
Capabilities {acceptInsecureCerts: false, browserName: chrome, browserVersion: 114.0.5735.199, chrome: {chromedriverVersion: 113.0.5672.63 (0e1a4471d5ae..., userDataDir: C:\Users\DOMINI~1\AppData\L...}, goog:chromeOptions: {debuggerAddress: localhost:59569}, javascriptEnabled: true, networkConnectionEnabled: false, pageLoadStrategy: normal, platform: WINDOWS, platformName: WINDOWS, proxy: Proxy(), setWindowRect: true, strictFileInteractability: false, timeouts: {implicit: 0, pageLoad: 300000, script: 30000}, unhandledPromptBehavior: dismiss and notify, webauthn:extension:credBlob: true, webauthn:extension:largeBlob: true, webauthn:extension:minPinLength: true, webauthn:extension:prf: true, webauthn:virtualAuthenticators: true}
Session ID: 35d61ef3e7834f783237b4c4abf0d02f
	at org.openqa.selenium.remote.http.W3CHttpResponseCodec.createException(W3CHttpResponseCodec.java:187)
	at org.openqa.selenium.remote.http.W3CHttpResponseCodec.decode(W3CHttpResponseCodec.java:122)
	at org.openqa.selenium.remote.http.W3CHttpResponseCodec.decode(W3CHttpResponseCodec.java:49)
	at org.openqa.selenium.remote.HttpCommandExecutor.execute(HttpCommandExecutor.java:158)
	at org.openqa.selenium.remote.service.DriverCommandExecutor.execute(DriverCommandExecutor.java:83)
	at org.openqa.selenium.remote.RemoteWebDriver.execute(RemoteWebDriver.java:552)
	at org.openqa.selenium.remote.RemoteWebElement.execute(RemoteWebElement.java:285)
	at org.openqa.selenium.remote.RemoteWebElement.click(RemoteWebElement.java:84)
	at org.openqa.selenium.support.pagefactory.internal.LocatingElementHandler.invoke(LocatingElementHandler.java:51)
	at com.sun.proxy.$Proxy10.click(Unknown Source)
	at com.PageObjectsLeavePortal.LoginPagePOM.clickProfileButton(LoginPagePOM.java:49)
	at com.TestCasesLeavePortal.TC_001_ManagerLoginTest.tearDown(TC_001_ManagerLoginTest.java:71)
... Removed 32 stack frames</div></td></tr></table><p class="totop"><a href="#summary">back to summary</a></p><h3 id="m2">com.TestCasesLeavePortal.EmployeeFunctions#ApplyLeave</h3><table class="result"><tr><th>Exception</th></tr><tr><td><div class="stacktrace">org.openqa.selenium.NoSuchElementException: no such element: Unable to locate element: {&quot;method&quot;:&quot;xpath&quot;,&quot;selector&quot;:&quot;//td[text()=&apos;PendingApproval&apos;]&quot;}
  (Session info: chrome=114.0.5735.199)
For documentation on this error, please visit: https://www.seleniumhq.org/exceptions/no_such_element.html
Build info: version: &apos;3.141.59&apos;, revision: &apos;e82be7d358&apos;, time: &apos;2018-11-14T08:17:03&apos;
System info: host: &apos;DTBLR01LP124&apos;, ip: &apos;192.168.1.10&apos;, os.name: &apos;Windows 10&apos;, os.arch: &apos;amd64&apos;, os.version: &apos;10.0&apos;, java.version: &apos;1.8.0_211&apos;
Driver info: org.openqa.selenium.chrome.ChromeDriver
Capabilities {acceptInsecureCerts: false, browserName: chrome, browserVersion: 114.0.5735.199, chrome: {chromedriverVersion: 113.0.5672.63 (0e1a4471d5ae..., userDataDir: C:\Users\DOMINI~1\AppData\L...}, goog:chromeOptions: {debuggerAddress: localhost:59512}, javascriptEnabled: true, networkConnectionEnabled: false, pageLoadStrategy: normal, platform: WINDOWS, platformName: WINDOWS, proxy: Proxy(), setWindowRect: true, strictFileInteractability: false, timeouts: {implicit: 0, pageLoad: 300000, script: 30000}, unhandledPromptBehavior: dismiss and notify, webauthn:extension:credBlob: true, webauthn:extension:largeBlob: true, webauthn:extension:minPinLength: true, webauthn:extension:prf: true, webauthn:virtualAuthenticators: true}
Session ID: 4004e329784b11590b260c6feb7fb048
*** Element info: {Using=xpath, value=//td[text()=&apos;PendingApproval&apos;]}
	at org.openqa.selenium.remote.http.W3CHttpResponseCodec.createException(W3CHttpResponseCodec.java:187)
	at org.openqa.selenium.remote.http.W3CHttpResponseCodec.decode(W3CHttpResponseCodec.java:122)
	at org.openqa.selenium.remote.http.W3CHttpResponseCodec.decode(W3CHttpResponseCodec.java:49)
	at org.openqa.selenium.remote.HttpCommandExecutor.execute(HttpCommandExecutor.java:158)
	at org.openqa.selenium.remote.service.DriverCommandExecutor.execute(DriverCommandExecutor.java:83)
	at org.openqa.selenium.remote.RemoteWebDriver.execute(RemoteWebDriver.java:552)
	at org.openqa.selenium.remote.RemoteWebDriver.findElement(RemoteWebDriver.java:323)
	at org.openqa.selenium.remote.RemoteWebDriver.findElementByXPath(RemoteWebDriver.java:428)
	at org.openqa.selenium.By$ByXPath.findElement(By.java:353)
	at org.openqa.selenium.remote.RemoteWebDriver.findElement(RemoteWebDriver.java:315)
	at org.openqa.selenium.support.pagefactory.DefaultElementLocator.findElement(DefaultElementLocator.java:69)
	at org.openqa.selenium.support.pagefactory.internal.LocatingElementHandler.invoke(LocatingElementHandler.java:38)
	at com.sun.proxy.$Proxy10.getText(Unknown Source)
	at com.TestCasesLeavePortal.EmployeeFunctions.ApplyLeave(EmployeeFunctions.java:137)
... Removed 28 stack frames</div></td></tr></table><p class="totop"><a href="#summary">back to summary</a></p><h3 id="m3">com.TestCasesLeavePortal.EmployeeFunctions#ApplyLeaveInvalidDate</h3><table class="result"><tr><th>Exception</th></tr><tr><td><div class="stacktrace">org.openqa.selenium.NoSuchElementException: no such element: Unable to locate element: {&quot;method&quot;:&quot;xpath&quot;,&quot;selector&quot;:&quot;//a[@id=&apos;applyLeave&apos;]&quot;}
  (Session info: chrome=114.0.5735.199)
For documentation on this error, please visit: https://www.seleniumhq.org/exceptions/no_such_element.html
Build info: version: &apos;3.141.59&apos;, revision: &apos;e82be7d358&apos;, time: &apos;2018-11-14T08:17:03&apos;
System info: host: &apos;DTBLR01LP124&apos;, ip: &apos;192.168.1.10&apos;, os.name: &apos;Windows 10&apos;, os.arch: &apos;amd64&apos;, os.version: &apos;10.0&apos;, java.version: &apos;1.8.0_211&apos;
Driver info: org.openqa.selenium.chrome.ChromeDriver
Capabilities {acceptInsecureCerts: false, browserName: chrome, browserVersion: 114.0.5735.199, chrome: {chromedriverVersion: 113.0.5672.63 (0e1a4471d5ae..., userDataDir: C:\Users\DOMINI~1\AppData\L...}, goog:chromeOptions: {debuggerAddress: localhost:59512}, javascriptEnabled: true, networkConnectionEnabled: false, pageLoadStrategy: normal, platform: WINDOWS, platformName: WINDOWS, proxy: Proxy(), setWindowRect: true, strictFileInteractability: false, timeouts: {implicit: 0, pageLoad: 300000, script: 30000}, unhandledPromptBehavior: dismiss and notify, webauthn:extension:credBlob: true, webauthn:extension:largeBlob: true, webauthn:extension:minPinLength: true, webauthn:extension:prf: true, webauthn:virtualAuthenticators: true}
Session ID: 4004e329784b11590b260c6feb7fb048
*** Element info: {Using=xpath, value=//a[@id=&apos;applyLeave&apos;]}
	at org.openqa.selenium.remote.http.W3CHttpResponseCodec.createException(W3CHttpResponseCodec.java:187)
	at org.openqa.selenium.remote.http.W3CHttpResponseCodec.decode(W3CHttpResponseCodec.java:122)
	at org.openqa.selenium.remote.http.W3CHttpResponseCodec.decode(W3CHttpResponseCodec.java:49)
	at org.openqa.selenium.remote.HttpCommandExecutor.execute(HttpCommandExecutor.java:158)
	at org.openqa.selenium.remote.service.DriverCommandExecutor.execute(DriverCommandExecutor.java:83)
	at org.openqa.selenium.remote.RemoteWebDriver.execute(RemoteWebDriver.java:552)
	at org.openqa.selenium.remote.RemoteWebDriver.findElement(RemoteWebDriver.java:323)
	at org.openqa.selenium.remote.RemoteWebDriver.findElementByXPath(RemoteWebDriver.java:428)
	at org.openqa.selenium.By$ByXPath.findElement(By.java:353)
	at org.openqa.selenium.remote.RemoteWebDriver.findElement(RemoteWebDriver.java:315)
	at org.openqa.selenium.support.pagefactory.DefaultElementLocator.findElement(DefaultElementLocator.java:69)
	at org.openqa.selenium.support.pagefactory.internal.LocatingElementHandler.invoke(LocatingElementHandler.java:38)
	at com.sun.proxy.$Proxy10.click(Unknown Source)
	at com.PageObjectsLeavePortal.LeaveHistoryPOM.clickLeaveHistory(LeaveHistoryPOM.java:74)
	at com.TestCasesLeavePortal.EmployeeFunctions.ApplyLeaveInvalidDate(EmployeeFunctions.java:224)
... Removed 28 stack frames</div></td></tr></table><p class="totop"><a href="#summary">back to summary</a></p><h3 id="m4">com.TestCasesLeavePortal.EmployeeFunctions#CancelAppliedLeave</h3><table class="result"><tr><th>Exception</th></tr><tr><td><div class="stacktrace">org.openqa.selenium.NoSuchElementException: no such element: Unable to locate element: {&quot;method&quot;:&quot;xpath&quot;,&quot;selector&quot;:&quot;//a[@id=&apos;applyLeave&apos;]&quot;}
  (Session info: chrome=114.0.5735.199)
For documentation on this error, please visit: https://www.seleniumhq.org/exceptions/no_such_element.html
Build info: version: &apos;3.141.59&apos;, revision: &apos;e82be7d358&apos;, time: &apos;2018-11-14T08:17:03&apos;
System info: host: &apos;DTBLR01LP124&apos;, ip: &apos;192.168.1.10&apos;, os.name: &apos;Windows 10&apos;, os.arch: &apos;amd64&apos;, os.version: &apos;10.0&apos;, java.version: &apos;1.8.0_211&apos;
Driver info: org.openqa.selenium.chrome.ChromeDriver
Capabilities {acceptInsecureCerts: false, browserName: chrome, browserVersion: 114.0.5735.199, chrome: {chromedriverVersion: 113.0.5672.63 (0e1a4471d5ae..., userDataDir: C:\Users\DOMINI~1\AppData\L...}, goog:chromeOptions: {debuggerAddress: localhost:59512}, javascriptEnabled: true, networkConnectionEnabled: false, pageLoadStrategy: normal, platform: WINDOWS, platformName: WINDOWS, proxy: Proxy(), setWindowRect: true, strictFileInteractability: false, timeouts: {implicit: 0, pageLoad: 300000, script: 30000}, unhandledPromptBehavior: dismiss and notify, webauthn:extension:credBlob: true, webauthn:extension:largeBlob: true, webauthn:extension:minPinLength: true, webauthn:extension:prf: true, webauthn:virtualAuthenticators: true}
Session ID: 4004e329784b11590b260c6feb7fb048
*** Element info: {Using=xpath, value=//a[@id=&apos;applyLeave&apos;]}
	at org.openqa.selenium.remote.http.W3CHttpResponseCodec.createException(W3CHttpResponseCodec.java:187)
	at org.openqa.selenium.remote.http.W3CHttpResponseCodec.decode(W3CHttpResponseCodec.java:122)
	at org.openqa.selenium.remote.http.W3CHttpResponseCodec.decode(W3CHttpResponseCodec.java:49)
	at org.openqa.selenium.remote.HttpCommandExecutor.execute(HttpCommandExecutor.java:158)
	at org.openqa.selenium.remote.service.DriverCommandExecutor.execute(DriverCommandExecutor.java:83)
	at org.openqa.selenium.remote.RemoteWebDriver.execute(RemoteWebDriver.java:552)
	at org.openqa.selenium.remote.RemoteWebDriver.findElement(RemoteWebDriver.java:323)
	at org.openqa.selenium.remote.RemoteWebDriver.findElementByXPath(RemoteWebDriver.java:428)
	at org.openqa.selenium.By$ByXPath.findElement(By.java:353)
	at org.openqa.selenium.remote.RemoteWebDriver.findElement(RemoteWebDriver.java:315)
	at org.openqa.selenium.support.pagefactory.DefaultElementLocator.findElement(DefaultElementLocator.java:69)
	at org.openqa.selenium.support.pagefactory.internal.LocatingElementHandler.invoke(LocatingElementHandler.java:38)
	at com.sun.proxy.$Proxy10.click(Unknown Source)
	at com.PageObjectsLeavePortal.LeaveHistoryPOM.clickLeaveHistory(LeaveHistoryPOM.java:74)
	at com.TestCasesLeavePortal.EmployeeFunctions.CancelAppliedLeave(EmployeeFunctions.java:147)
... Removed 28 stack frames</div></td></tr></table><p class="totop"><a href="#summary">back to summary</a></p><h3 id="m5">com.TestCasesLeavePortal.EmployeeFunctions#ChangePasswordDigit</h3><table class="result"><tr><th>Exception</th></tr><tr><td><div class="stacktrace">org.openqa.selenium.NoSuchElementException: no such element: Unable to locate element: {&quot;method&quot;:&quot;xpath&quot;,&quot;selector&quot;:&quot;//button[@class=&apos;dropdown-toggle set_drop_dwn&apos;]&quot;}
  (Session info: chrome=114.0.5735.199)
For documentation on this error, please visit: https://www.seleniumhq.org/exceptions/no_such_element.html
Build info: version: &apos;3.141.59&apos;, revision: &apos;e82be7d358&apos;, time: &apos;2018-11-14T08:17:03&apos;
System info: host: &apos;DTBLR01LP124&apos;, ip: &apos;192.168.1.10&apos;, os.name: &apos;Windows 10&apos;, os.arch: &apos;amd64&apos;, os.version: &apos;10.0&apos;, java.version: &apos;1.8.0_211&apos;
Driver info: org.openqa.selenium.chrome.ChromeDriver
Capabilities {acceptInsecureCerts: false, browserName: chrome, browserVersion: 114.0.5735.199, chrome: {chromedriverVersion: 113.0.5672.63 (0e1a4471d5ae..., userDataDir: C:\Users\DOMINI~1\AppData\L...}, goog:chromeOptions: {debuggerAddress: localhost:59512}, javascriptEnabled: true, networkConnectionEnabled: false, pageLoadStrategy: normal, platform: WINDOWS, platformName: WINDOWS, proxy: Proxy(), setWindowRect: true, strictFileInteractability: false, timeouts: {implicit: 0, pageLoad: 300000, script: 30000}, unhandledPromptBehavior: dismiss and notify, webauthn:extension:credBlob: true, webauthn:extension:largeBlob: true, webauthn:extension:minPinLength: true, webauthn:extension:prf: true, webauthn:virtualAuthenticators: true}
Session ID: 4004e329784b11590b260c6feb7fb048
*** Element info: {Using=xpath, value=//button[@class=&apos;dropdown-toggle set_drop_dwn&apos;]}
	at org.openqa.selenium.remote.http.W3CHttpResponseCodec.createException(W3CHttpResponseCodec.java:187)
	at org.openqa.selenium.remote.http.W3CHttpResponseCodec.decode(W3CHttpResponseCodec.java:122)
	at org.openqa.selenium.remote.http.W3CHttpResponseCodec.decode(W3CHttpResponseCodec.java:49)
	at org.openqa.selenium.remote.HttpCommandExecutor.execute(HttpCommandExecutor.java:158)
	at org.openqa.selenium.remote.service.DriverCommandExecutor.execute(DriverCommandExecutor.java:83)
	at org.openqa.selenium.remote.RemoteWebDriver.execute(RemoteWebDriver.java:552)
	at org.openqa.selenium.remote.RemoteWebDriver.findElement(RemoteWebDriver.java:323)
	at org.openqa.selenium.remote.RemoteWebDriver.findElementByXPath(RemoteWebDriver.java:428)
	at org.openqa.selenium.By$ByXPath.findElement(By.java:353)
	at org.openqa.selenium.remote.RemoteWebDriver.findElement(RemoteWebDriver.java:315)
	at org.openqa.selenium.support.pagefactory.DefaultElementLocator.findElement(DefaultElementLocator.java:69)
	at org.openqa.selenium.support.pagefactory.internal.LocatingElementHandler.invoke(LocatingElementHandler.java:38)
	at com.sun.proxy.$Proxy10.click(Unknown Source)
	at com.PageObjectsLeavePortal.ChangePasswordPOM.clickProfileButton1(ChangePasswordPOM.java:49)
	at com.TestCasesLeavePortal.EmployeeFunctions.ChangePasswordDigit(EmployeeFunctions.java:203)
... Removed 28 stack frames</div></td></tr></table><p class="totop"><a href="#summary">back to summary</a></p><h3 id="m6">com.TestCasesLeavePortal.EmployeeFunctions#ViewLeaveDetail</h3><table class="result"><tr><th>Exception</th></tr><tr><td><div class="stacktrace">org.openqa.selenium.NoSuchElementException: no such element: Unable to locate element: {&quot;method&quot;:&quot;xpath&quot;,&quot;selector&quot;:&quot;//a[@id=&apos;applyLeave&apos;]&quot;}
  (Session info: chrome=114.0.5735.199)
For documentation on this error, please visit: https://www.seleniumhq.org/exceptions/no_such_element.html
Build info: version: &apos;3.141.59&apos;, revision: &apos;e82be7d358&apos;, time: &apos;2018-11-14T08:17:03&apos;
System info: host: &apos;DTBLR01LP124&apos;, ip: &apos;192.168.1.10&apos;, os.name: &apos;Windows 10&apos;, os.arch: &apos;amd64&apos;, os.version: &apos;10.0&apos;, java.version: &apos;1.8.0_211&apos;
Driver info: org.openqa.selenium.chrome.ChromeDriver
Capabilities {acceptInsecureCerts: false, browserName: chrome, browserVersion: 114.0.5735.199, chrome: {chromedriverVersion: 113.0.5672.63 (0e1a4471d5ae..., userDataDir: C:\Users\DOMINI~1\AppData\L...}, goog:chromeOptions: {debuggerAddress: localhost:59512}, javascriptEnabled: true, networkConnectionEnabled: false, pageLoadStrategy: normal, platform: WINDOWS, platformName: WINDOWS, proxy: Proxy(), setWindowRect: true, strictFileInteractability: false, timeouts: {implicit: 0, pageLoad: 300000, script: 30000}, unhandledPromptBehavior: dismiss and notify, webauthn:extension:credBlob: true, webauthn:extension:largeBlob: true, webauthn:extension:minPinLength: true, webauthn:extension:prf: true, webauthn:virtualAuthenticators: true}
Session ID: 4004e329784b11590b260c6feb7fb048
*** Element info: {Using=xpath, value=//a[@id=&apos;applyLeave&apos;]}
	at org.openqa.selenium.remote.http.W3CHttpResponseCodec.createException(W3CHttpResponseCodec.java:187)
	at org.openqa.selenium.remote.http.W3CHttpResponseCodec.decode(W3CHttpResponseCodec.java:122)
	at org.openqa.selenium.remote.http.W3CHttpResponseCodec.decode(W3CHttpResponseCodec.java:49)
	at org.openqa.selenium.remote.HttpCommandExecutor.execute(HttpCommandExecutor.java:158)
	at org.openqa.selenium.remote.service.DriverCommandExecutor.execute(DriverCommandExecutor.java:83)
	at org.openqa.selenium.remote.RemoteWebDriver.execute(RemoteWebDriver.java:552)
	at org.openqa.selenium.remote.RemoteWebDriver.findElement(RemoteWebDriver.java:323)
	at org.openqa.selenium.remote.RemoteWebDriver.findElementByXPath(RemoteWebDriver.java:428)
	at org.openqa.selenium.By$ByXPath.findElement(By.java:353)
	at org.openqa.selenium.remote.RemoteWebDriver.findElement(RemoteWebDriver.java:315)
	at org.openqa.selenium.support.pagefactory.DefaultElementLocator.findElement(DefaultElementLocator.java:69)
	at org.openqa.selenium.support.pagefactory.internal.LocatingElementHandler.invoke(LocatingElementHandler.java:38)
	at com.sun.proxy.$Proxy10.click(Unknown Source)
	at com.PageObjectsLeavePortal.ViewAppliedLeavePOM.clickLeaveHistory(ViewAppliedLeavePOM.java:31)
	at com.TestCasesLeavePortal.EmployeeFunctions.ViewLeaveDetail(EmployeeFunctions.java:190)
... Removed 28 stack frames</div></td></tr></table><p class="totop"><a href="#summary">back to summary</a></p><h3 id="m7">com.TestCasesLeavePortal.EmployeeFunctions#changePassword</h3><table class="result"><tr><th>Exception</th></tr><tr><td><div class="stacktrace">org.openqa.selenium.NoSuchElementException: no such element: Unable to locate element: {&quot;method&quot;:&quot;xpath&quot;,&quot;selector&quot;:&quot;//button[@class=&apos;dropdown-toggle set_drop_dwn&apos;]&quot;}
  (Session info: chrome=114.0.5735.199)
For documentation on this error, please visit: https://www.seleniumhq.org/exceptions/no_such_element.html
Build info: version: &apos;3.141.59&apos;, revision: &apos;e82be7d358&apos;, time: &apos;2018-11-14T08:17:03&apos;
System info: host: &apos;DTBLR01LP124&apos;, ip: &apos;192.168.1.10&apos;, os.name: &apos;Windows 10&apos;, os.arch: &apos;amd64&apos;, os.version: &apos;10.0&apos;, java.version: &apos;1.8.0_211&apos;
Driver info: org.openqa.selenium.chrome.ChromeDriver
Capabilities {acceptInsecureCerts: false, browserName: chrome, browserVersion: 114.0.5735.199, chrome: {chromedriverVersion: 113.0.5672.63 (0e1a4471d5ae..., userDataDir: C:\Users\DOMINI~1\AppData\L...}, goog:chromeOptions: {debuggerAddress: localhost:59512}, javascriptEnabled: true, networkConnectionEnabled: false, pageLoadStrategy: normal, platform: WINDOWS, platformName: WINDOWS, proxy: Proxy(), setWindowRect: true, strictFileInteractability: false, timeouts: {implicit: 0, pageLoad: 300000, script: 30000}, unhandledPromptBehavior: dismiss and notify, webauthn:extension:credBlob: true, webauthn:extension:largeBlob: true, webauthn:extension:minPinLength: true, webauthn:extension:prf: true, webauthn:virtualAuthenticators: true}
Session ID: 4004e329784b11590b260c6feb7fb048
*** Element info: {Using=xpath, value=//button[@class=&apos;dropdown-toggle set_drop_dwn&apos;]}
	at org.openqa.selenium.remote.http.W3CHttpResponseCodec.createException(W3CHttpResponseCodec.java:187)
	at org.openqa.selenium.remote.http.W3CHttpResponseCodec.decode(W3CHttpResponseCodec.java:122)
	at org.openqa.selenium.remote.http.W3CHttpResponseCodec.decode(W3CHttpResponseCodec.java:49)
	at org.openqa.selenium.remote.HttpCommandExecutor.execute(HttpCommandExecutor.java:158)
	at org.openqa.selenium.remote.service.DriverCommandExecutor.execute(DriverCommandExecutor.java:83)
	at org.openqa.selenium.remote.RemoteWebDriver.execute(RemoteWebDriver.java:552)
	at org.openqa.selenium.remote.RemoteWebDriver.findElement(RemoteWebDriver.java:323)
	at org.openqa.selenium.remote.RemoteWebDriver.findElementByXPath(RemoteWebDriver.java:428)
	at org.openqa.selenium.By$ByXPath.findElement(By.java:353)
	at org.openqa.selenium.remote.RemoteWebDriver.findElement(RemoteWebDriver.java:315)
	at org.openqa.selenium.support.pagefactory.DefaultElementLocator.findElement(DefaultElementLocator.java:69)
	at org.openqa.selenium.support.pagefactory.internal.LocatingElementHandler.invoke(LocatingElementHandler.java:38)
	at com.sun.proxy.$Proxy10.click(Unknown Source)
	at com.PageObjectsLeavePortal.ChangePasswordPOM.clickProfileButton1(ChangePasswordPOM.java:49)
	at com.TestCasesLeavePortal.EmployeeFunctions.changePassword(EmployeeFunctions.java:169)
... Removed 28 stack frames</div></td></tr></table><p class="totop"><a href="#summary">back to summary</a></p><h3 id="m8">com.TestCasesLeavePortal.RejectLeave2#ViewLeaveDetail</h3><table class="result"><tr><th>Exception</th></tr><tr><td><div class="stacktrace">org.openqa.selenium.ElementClickInterceptedException: element click intercepted: Element &lt;a href=&quot;/Manager/ManagerApproval&quot; id=&quot;pendingApproval&quot; role=&quot;tab&quot; title=&quot;...&quot;&gt;Approval Request&lt;/a&gt; is not clickable at point (494, 112). Other element would receive the click: &lt;div class=&quot;progress in&quot; style=&quot;&quot;&gt;...&lt;/div&gt;
  (Session info: chrome=114.0.5735.199)
Build info: version: &apos;3.141.59&apos;, revision: &apos;e82be7d358&apos;, time: &apos;2018-11-14T08:17:03&apos;
System info: host: &apos;DTBLR01LP124&apos;, ip: &apos;192.168.1.10&apos;, os.name: &apos;Windows 10&apos;, os.arch: &apos;amd64&apos;, os.version: &apos;10.0&apos;, java.version: &apos;1.8.0_211&apos;
Driver info: org.openqa.selenium.chrome.ChromeDriver
Capabilities {acceptInsecureCerts: false, browserName: chrome, browserVersion: 114.0.5735.199, chrome: {chromedriverVersion: 113.0.5672.63 (0e1a4471d5ae..., userDataDir: C:\Users\DOMINI~1\AppData\L...}, goog:chromeOptions: {debuggerAddress: localhost:59569}, javascriptEnabled: true, networkConnectionEnabled: false, pageLoadStrategy: normal, platform: WINDOWS, platformName: WINDOWS, proxy: Proxy(), setWindowRect: true, strictFileInteractability: false, timeouts: {implicit: 0, pageLoad: 300000, script: 30000}, unhandledPromptBehavior: dismiss and notify, webauthn:extension:credBlob: true, webauthn:extension:largeBlob: true, webauthn:extension:minPinLength: true, webauthn:extension:prf: true, webauthn:virtualAuthenticators: true}
Session ID: 35d61ef3e7834f783237b4c4abf0d02f
	at org.openqa.selenium.remote.http.W3CHttpResponseCodec.createException(W3CHttpResponseCodec.java:187)
	at org.openqa.selenium.remote.http.W3CHttpResponseCodec.decode(W3CHttpResponseCodec.java:122)
	at org.openqa.selenium.remote.http.W3CHttpResponseCodec.decode(W3CHttpResponseCodec.java:49)
	at org.openqa.selenium.remote.HttpCommandExecutor.execute(HttpCommandExecutor.java:158)
	at org.openqa.selenium.remote.service.DriverCommandExecutor.execute(DriverCommandExecutor.java:83)
	at org.openqa.selenium.remote.RemoteWebDriver.execute(RemoteWebDriver.java:552)
	at org.openqa.selenium.remote.RemoteWebElement.execute(RemoteWebElement.java:285)
	at org.openqa.selenium.remote.RemoteWebElement.click(RemoteWebElement.java:84)
	at org.openqa.selenium.support.pagefactory.internal.LocatingElementHandler.invoke(LocatingElementHandler.java:51)
	at com.sun.proxy.$Proxy10.click(Unknown Source)
	at com.PageObjectsLeavePortal.MgApprovalRequestPOM.ClickApprovalRequest(MgApprovalRequestPOM.java:50)
	at com.TestCasesLeavePortal.RejectLeave2.ViewLeaveDetail(RejectLeave2.java:30)
... Removed 32 stack frames</div></td></tr></table><p class="totop"><a href="#summary">back to summary</a></p><h3 id="m9">com.TestCasesLeavePortal.LeaveSummaryExcel#Time</h3><table class="result"></table><p class="totop"><a href="#summary">back to summary</a></p><h3 id="m10">com.TestCasesLeavePortal.LeaveSummaryExcel#screenShot</h3><table class="result"></table><p class="totop"><a href="#summary">back to summary</a></p><h3 id="m11">com.TestCasesLeavePortal.LeaveSummaryExcel#setup</h3><table class="result"></table><p class="totop"><a href="#summary">back to summary</a></p><h3 id="m12">com.TestCasesLeavePortal.LeaveSummaryExcel#tearDown</h3><table class="result"></table><p class="totop"><a href="#summary">back to summary</a></p><h3 id="m13">com.TestCasesLeavePortal.ManagerFunctions#Time</h3><table class="result"></table><p class="totop"><a href="#summary">back to summary</a></p><h3 id="m14">com.TestCasesLeavePortal.ManagerFunctions#screenShot</h3><table class="result"></table><p class="totop"><a href="#summary">back to summary</a></p><h3 id="m15">com.TestCasesLeavePortal.ManagerFunctions#setup</h3><table class="result"></table><p class="totop"><a href="#summary">back to summary</a></p><h3 id="m16">com.TestCasesLeavePortal.ManagerFunctions#tearDown</h3><table class="result"></table><p class="totop"><a href="#summary">back to summary</a></p><h3 id="m17">com.TestCasesLeavePortal.LeaveSummaryExcel#LeaveSummaryData</h3><table class="result"></table><p class="totop"><a href="#summary">back to summary</a></p><h3 id="m18">com.TestCasesLeavePortal.ManagerFunctions#apply</h3><table class="result"></table><p class="totop"><a href="#summary">back to summary</a></p><h3 id="m19">com.TestCasesLeavePortal.EmployeeFunctions#LeavePolicy</h3><table class="result"></table><p class="totop"><a href="#summary">back to summary</a></p><h3 id="m20">com.TestCasesLeavePortal.EmployeeFunctions#LoginTest</h3><table class="result"></table><p class="totop"><a href="#summary">back to summary</a></p><h3 id="m21">com.TestCasesLeavePortal.EmployeeFunctions#holidayList</h3><table class="result"></table><p class="totop"><a href="#summary">back to summary</a></p><h3 id="m22">com.TestCasesLeavePortal.EmployeeFunctions#show_Employee_Details</h3><table class="result"></table><p class="totop"><a href="#summary">back to summary</a></p><h3 id="m23">com.TestCasesLeavePortal.EmployeeFunctions#show_Leave_Details</h3><table class="result"></table><p class="totop"><a href="#summary">back to summary</a></p><h3 id="m24">com.TestCasesLeavePortal.RejectLeave2#RejectLeave</h3><table class="result"></table><p class="totop"><a href="#summary">back to summary</a></p></body></html>