<!DOCTYPE html>

<html>
  <head>
  <title>TestNG reports</title>

    <link type="text/css" href="testng-reports.css" rel="stylesheet" />  
    <script type="text/javascript" src="jquery-1.7.1.min.js"></script>
    <script type="text/javascript" src="testng-reports.js"></script>
    <script type="text/javascript" src="https://www.google.com/jsapi"></script>
    <script type='text/javascript'>
      google.load('visualization', '1', {packages:['table']});
      google.setOnLoadCallback(drawTable);
      var suiteTableInitFunctions = new Array();
      var suiteTableData = new Array();
    </script>
    <!--
      <script type="text/javascript" src="jquery-ui/js/jquery-ui-1.8.16.custom.min.js"></script>
     -->
  </head>

  <body>
    <div class="top-banner-root">
      <span class="top-banner-title-font">Test results</span>
      <br/>
      <span class="top-banner-font-1">1 suite, 7 failed tests</span>
    </div> <!-- top-banner-root -->
    <div class="navigator-root">
      <div class="navigator-suite-header">
        <span>All suites</span>
        <a href="#" class="collapse-all-link" title="Collapse/expand all the suites">
          <img class="collapse-all-icon" src="collapseall.gif">
          </img> <!-- collapse-all-icon -->
        </a> <!-- collapse-all-link -->
      </div> <!-- navigator-suite-header -->
      <div class="suite">
        <div class="rounded-window">
          <div class="suite-header light-rounded-window-top">
            <a href="#" class="navigator-link" panel-name="suite-FunctionalSuite">
              <span class="suite-name border-failed">FunctionalSuite</span>
            </a> <!-- navigator-link -->
          </div> <!-- suite-header light-rounded-window-top -->
          <div class="navigator-suite-content">
            <div class="suite-section-title">
              <span>Info</span>
            </div> <!-- suite-section-title -->
            <div class="suite-section-content">
              <ul>
                <li>
                  <a href="#" class="navigator-link " panel-name="test-xml-FunctionalSuite">
                    <span>C:\Users\dominicroya\Downloads\LeavePortalDemo\TestNG.xml</span>
                  </a> <!-- navigator-link  -->
                </li>
                <li>
                  <a href="#" class="navigator-link " panel-name="testlist-FunctionalSuite">
                    <span class="test-stats">1 test</span>
                  </a> <!-- navigator-link  -->
                </li>
                <li>
                  <a href="#" class="navigator-link " panel-name="group-FunctionalSuite">
                    <span>0 groups</span>
                  </a> <!-- navigator-link  -->
                </li>
                <li>
                  <a href="#" class="navigator-link " panel-name="times-FunctionalSuite">
                    <span>Times</span>
                  </a> <!-- navigator-link  -->
                </li>
                <li>
                  <a href="#" class="navigator-link " panel-name="reporter-FunctionalSuite">
                    <span>Reporter output</span>
                  </a> <!-- navigator-link  -->
                </li>
                <li>
                  <a href="#" class="navigator-link " panel-name="ignored-methods-FunctionalSuite">
                    <span>Ignored methods</span>
                  </a> <!-- navigator-link  -->
                </li>
                <li>
                  <a href="#" class="navigator-link " panel-name="chronological-FunctionalSuite">
                    <span>Chronological view</span>
                  </a> <!-- navigator-link  -->
                </li>
              </ul>
            </div> <!-- suite-section-content -->
            <div class="result-section">
              <div class="suite-section-title">
                <span>Results</span>
              </div> <!-- suite-section-title -->
              <div class="suite-section-content">
                <ul>
                  <li>
                    <span class="method-stats">15 methods, 7 failed,  2 skipped,  6 passed</span>
                  </li>
                  <li>
                    <span class="method-list-title failed">Failed methods</span>
                    <span class="show-or-hide-methods failed">
                      <a href="#" panel-name="suite-FunctionalSuite" class="hide-methods failed suite-FunctionalSuite"> (hide)</a> <!-- hide-methods failed suite-FunctionalSuite -->
                      <a href="#" panel-name="suite-FunctionalSuite" class="show-methods failed suite-FunctionalSuite"> (show)</a> <!-- show-methods failed suite-FunctionalSuite -->
                    </span>
                    <div class="method-list-content failed suite-FunctionalSuite">
                      <span>
                        <img width="3%" src="failed.png"/>
                        <a href="#" class="method navigator-link" panel-name="suite-FunctionalSuite" title="com.TestCasesLeavePortal.EmployeeFunctions" hash-for-method="ApplyLeave">ApplyLeave</a> <!-- method navigator-link -->
                      </span>
                      <br/>
                      <span>
                        <img width="3%" src="failed.png"/>
                        <a href="#" class="method navigator-link" panel-name="suite-FunctionalSuite" title="com.TestCasesLeavePortal.EmployeeFunctions" hash-for-method="ApplyLeaveInvalidDate">ApplyLeaveInvalidDate</a> <!-- method navigator-link -->
                      </span>
                      <br/>
                      <span>
                        <img width="3%" src="failed.png"/>
                        <a href="#" class="method navigator-link" panel-name="suite-FunctionalSuite" title="com.TestCasesLeavePortal.EmployeeFunctions" hash-for-method="CancelAppliedLeave">CancelAppliedLeave</a> <!-- method navigator-link -->
                      </span>
                      <br/>
                      <span>
                        <img width="3%" src="failed.png"/>
                        <a href="#" class="method navigator-link" panel-name="suite-FunctionalSuite" title="com.TestCasesLeavePortal.EmployeeFunctions" hash-for-method="ChangePasswordDigit">ChangePasswordDigit</a> <!-- method navigator-link -->
                      </span>
                      <br/>
                      <span>
                        <img width="3%" src="failed.png"/>
                        <a href="#" class="method navigator-link" panel-name="suite-FunctionalSuite" title="com.TestCasesLeavePortal.RejectLeave2" hash-for-method="ViewLeaveDetail">ViewLeaveDetail</a> <!-- method navigator-link -->
                      </span>
                      <br/>
                      <span>
                        <img width="3%" src="failed.png"/>
                        <a href="#" class="method navigator-link" panel-name="suite-FunctionalSuite" title="com.TestCasesLeavePortal.EmployeeFunctions" hash-for-method="ViewLeaveDetail">ViewLeaveDetail</a> <!-- method navigator-link -->
                      </span>
                      <br/>
                      <span>
                        <img width="3%" src="failed.png"/>
                        <a href="#" class="method navigator-link" panel-name="suite-FunctionalSuite" title="com.TestCasesLeavePortal.EmployeeFunctions" hash-for-method="changePassword">changePassword</a> <!-- method navigator-link -->
                      </span>
                      <br/>
                    </div> <!-- method-list-content failed suite-FunctionalSuite -->
                  </li>
                  <li>
                    <span class="method-list-title skipped">Skipped methods</span>
                    <span class="show-or-hide-methods skipped">
                      <a href="#" panel-name="suite-FunctionalSuite" class="hide-methods skipped suite-FunctionalSuite"> (hide)</a> <!-- hide-methods skipped suite-FunctionalSuite -->
                      <a href="#" panel-name="suite-FunctionalSuite" class="show-methods skipped suite-FunctionalSuite"> (show)</a> <!-- show-methods skipped suite-FunctionalSuite -->
                    </span>
                    <div class="method-list-content skipped suite-FunctionalSuite">
                      <span>
                        <img width="3%" src="skipped.png"/>
                        <a href="#" class="method navigator-link" panel-name="suite-FunctionalSuite" title="com.TestCasesLeavePortal.LeaveSummaryExcel" hash-for-method="LeaveSummaryData">LeaveSummaryData</a> <!-- method navigator-link -->
                      </span>
                      <br/>
                      <span>
                        <img width="3%" src="skipped.png"/>
                        <a href="#" class="method navigator-link" panel-name="suite-FunctionalSuite" title="com.TestCasesLeavePortal.ManagerFunctions" hash-for-method="apply">apply</a> <!-- method navigator-link -->
                      </span>
                      <br/>
                    </div> <!-- method-list-content skipped suite-FunctionalSuite -->
                  </li>
                  <li>
                    <span class="method-list-title passed">Passed methods</span>
                    <span class="show-or-hide-methods passed">
                      <a href="#" panel-name="suite-FunctionalSuite" class="hide-methods passed suite-FunctionalSuite"> (hide)</a> <!-- hide-methods passed suite-FunctionalSuite -->
                      <a href="#" panel-name="suite-FunctionalSuite" class="show-methods passed suite-FunctionalSuite"> (show)</a> <!-- show-methods passed suite-FunctionalSuite -->
                    </span>
                    <div class="method-list-content passed suite-FunctionalSuite">
                      <span>
                        <img width="3%" src="passed.png"/>
                        <a href="#" class="method navigator-link" panel-name="suite-FunctionalSuite" title="com.TestCasesLeavePortal.EmployeeFunctions" hash-for-method="LeavePolicy">LeavePolicy</a> <!-- method navigator-link -->
                      </span>
                      <br/>
                      <span>
                        <img width="3%" src="passed.png"/>
                        <a href="#" class="method navigator-link" panel-name="suite-FunctionalSuite" title="com.TestCasesLeavePortal.EmployeeFunctions" hash-for-method="LoginTest">LoginTest</a> <!-- method navigator-link -->
                      </span>
                      <br/>
                      <span>
                        <img width="3%" src="passed.png"/>
                        <a href="#" class="method navigator-link" panel-name="suite-FunctionalSuite" title="com.TestCasesLeavePortal.RejectLeave2" hash-for-method="RejectLeave">RejectLeave</a> <!-- method navigator-link -->
                      </span>
                      <br/>
                      <span>
                        <img width="3%" src="passed.png"/>
                        <a href="#" class="method navigator-link" panel-name="suite-FunctionalSuite" title="com.TestCasesLeavePortal.EmployeeFunctions" hash-for-method="holidayList">holidayList</a> <!-- method navigator-link -->
                      </span>
                      <br/>
                      <span>
                        <img width="3%" src="passed.png"/>
                        <a href="#" class="method navigator-link" panel-name="suite-FunctionalSuite" title="com.TestCasesLeavePortal.EmployeeFunctions" hash-for-method="show_Employee_Details">show_Employee_Details</a> <!-- method navigator-link -->
                      </span>
                      <br/>
                      <span>
                        <img width="3%" src="passed.png"/>
                        <a href="#" class="method navigator-link" panel-name="suite-FunctionalSuite" title="com.TestCasesLeavePortal.EmployeeFunctions" hash-for-method="show_Leave_Details">show_Leave_Details</a> <!-- method navigator-link -->
                      </span>
                      <br/>
                    </div> <!-- method-list-content passed suite-FunctionalSuite -->
                  </li>
                </ul>
              </div> <!-- suite-section-content -->
            </div> <!-- result-section -->
          </div> <!-- navigator-suite-content -->
        </div> <!-- rounded-window -->
      </div> <!-- suite -->
    </div> <!-- navigator-root -->
    <div class="wrapper">
      <div class="main-panel-root">
        <div panel-name="suite-FunctionalSuite" class="panel FunctionalSuite">
          <div class="suite-FunctionalSuite-class-failed">
            <div class="main-panel-header rounded-window-top">
              <img src="failed.png"/>
              <span class="class-name">com.TestCasesLeavePortal.RejectLeave2</span>
            </div> <!-- main-panel-header rounded-window-top -->
            <div class="main-panel-content rounded-window-bottom">
              <div class="method">
                <div class="method-content">
                  <a name="ViewLeaveDetail">
                  </a> <!-- ViewLeaveDetail -->
                  <span class="method-name">ViewLeaveDetail</span>
                  <div class="stack-trace">org.openqa.selenium.ElementClickInterceptedException: element click intercepted: Element &lt;a href=&quot;/Manager/ManagerApproval&quot; id=&quot;pendingApproval&quot; role=&quot;tab&quot; title=&quot;...&quot;&gt;Approval Request&lt;/a&gt; is not clickable at point (494, 112). Other element would receive the click: &lt;div class=&quot;progress in&quot; style=&quot;&quot;&gt;...&lt;/div&gt;
  (Session info: chrome=114.0.5735.199)
Build info: version: &apos;3.141.59&apos;, revision: &apos;e82be7d358&apos;, time: &apos;2018-11-14T08:17:03&apos;
System info: host: &apos;DTBLR01LP124&apos;, ip: &apos;192.168.1.10&apos;, os.name: &apos;Windows 10&apos;, os.arch: &apos;amd64&apos;, os.version: &apos;10.0&apos;, java.version: &apos;1.8.0_211&apos;
Driver info: org.openqa.selenium.chrome.ChromeDriver
Capabilities {acceptInsecureCerts: false, browserName: chrome, browserVersion: 114.0.5735.199, chrome: {chromedriverVersion: 113.0.5672.63 (0e1a4471d5ae..., userDataDir: C:\Users\DOMINI~1\AppData\L...}, goog:chromeOptions: {debuggerAddress: localhost:59569}, javascriptEnabled: true, networkConnectionEnabled: false, pageLoadStrategy: normal, platform: WINDOWS, platformName: WINDOWS, proxy: Proxy(), setWindowRect: true, strictFileInteractability: false, timeouts: {implicit: 0, pageLoad: 300000, script: 30000}, unhandledPromptBehavior: dismiss and notify, webauthn:extension:credBlob: true, webauthn:extension:largeBlob: true, webauthn:extension:minPinLength: true, webauthn:extension:prf: true, webauthn:virtualAuthenticators: true}
Session ID: 35d61ef3e7834f783237b4c4abf0d02f
	at org.openqa.selenium.remote.http.W3CHttpResponseCodec.createException(W3CHttpResponseCodec.java:187)
	at org.openqa.selenium.remote.http.W3CHttpResponseCodec.decode(W3CHttpResponseCodec.java:122)
	at org.openqa.selenium.remote.http.W3CHttpResponseCodec.decode(W3CHttpResponseCodec.java:49)
	at org.openqa.selenium.remote.HttpCommandExecutor.execute(HttpCommandExecutor.java:158)
	at org.openqa.selenium.remote.service.DriverCommandExecutor.execute(DriverCommandExecutor.java:83)
	at org.openqa.selenium.remote.RemoteWebDriver.execute(RemoteWebDriver.java:552)
	at org.openqa.selenium.remote.RemoteWebElement.execute(RemoteWebElement.java:285)
	at org.openqa.selenium.remote.RemoteWebElement.click(RemoteWebElement.java:84)
	at org.openqa.selenium.support.pagefactory.internal.LocatingElementHandler.invoke(LocatingElementHandler.java:51)
	at com.sun.proxy.$Proxy10.click(Unknown Source)
	at com.PageObjectsLeavePortal.MgApprovalRequestPOM.ClickApprovalRequest(MgApprovalRequestPOM.java:50)
	at com.TestCasesLeavePortal.RejectLeave2.ViewLeaveDetail(RejectLeave2.java:30)
... Removed 32 stack frames
</div> <!-- stack-trace -->
                </div> <!-- method-content -->
              </div> <!-- method -->
            </div> <!-- main-panel-content rounded-window-bottom -->
          </div> <!-- suite-FunctionalSuite-class-failed -->
          <div class="suite-FunctionalSuite-class-failed">
            <div class="main-panel-header rounded-window-top">
              <img src="failed.png"/>
              <span class="class-name">com.TestCasesLeavePortal.EmployeeFunctions</span>
            </div> <!-- main-panel-header rounded-window-top -->
            <div class="main-panel-content rounded-window-bottom">
              <div class="method">
                <div class="method-content">
                  <a name="ApplyLeave">
                  </a> <!-- ApplyLeave -->
                  <span class="method-name">ApplyLeave</span>
                  <div class="stack-trace">org.openqa.selenium.NoSuchElementException: no such element: Unable to locate element: {&quot;method&quot;:&quot;xpath&quot;,&quot;selector&quot;:&quot;//td[text()=&apos;PendingApproval&apos;]&quot;}
  (Session info: chrome=114.0.5735.199)
For documentation on this error, please visit: https://www.seleniumhq.org/exceptions/no_such_element.html
Build info: version: &apos;3.141.59&apos;, revision: &apos;e82be7d358&apos;, time: &apos;2018-11-14T08:17:03&apos;
System info: host: &apos;DTBLR01LP124&apos;, ip: &apos;192.168.1.10&apos;, os.name: &apos;Windows 10&apos;, os.arch: &apos;amd64&apos;, os.version: &apos;10.0&apos;, java.version: &apos;1.8.0_211&apos;
Driver info: org.openqa.selenium.chrome.ChromeDriver
Capabilities {acceptInsecureCerts: false, browserName: chrome, browserVersion: 114.0.5735.199, chrome: {chromedriverVersion: 113.0.5672.63 (0e1a4471d5ae..., userDataDir: C:\Users\DOMINI~1\AppData\L...}, goog:chromeOptions: {debuggerAddress: localhost:59512}, javascriptEnabled: true, networkConnectionEnabled: false, pageLoadStrategy: normal, platform: WINDOWS, platformName: WINDOWS, proxy: Proxy(), setWindowRect: true, strictFileInteractability: false, timeouts: {implicit: 0, pageLoad: 300000, script: 30000}, unhandledPromptBehavior: dismiss and notify, webauthn:extension:credBlob: true, webauthn:extension:largeBlob: true, webauthn:extension:minPinLength: true, webauthn:extension:prf: true, webauthn:virtualAuthenticators: true}
Session ID: 4004e329784b11590b260c6feb7fb048
*** Element info: {Using=xpath, value=//td[text()=&apos;PendingApproval&apos;]}
	at org.openqa.selenium.remote.http.W3CHttpResponseCodec.createException(W3CHttpResponseCodec.java:187)
	at org.openqa.selenium.remote.http.W3CHttpResponseCodec.decode(W3CHttpResponseCodec.java:122)
	at org.openqa.selenium.remote.http.W3CHttpResponseCodec.decode(W3CHttpResponseCodec.java:49)
	at org.openqa.selenium.remote.HttpCommandExecutor.execute(HttpCommandExecutor.java:158)
	at org.openqa.selenium.remote.service.DriverCommandExecutor.execute(DriverCommandExecutor.java:83)
	at org.openqa.selenium.remote.RemoteWebDriver.execute(RemoteWebDriver.java:552)
	at org.openqa.selenium.remote.RemoteWebDriver.findElement(RemoteWebDriver.java:323)
	at org.openqa.selenium.remote.RemoteWebDriver.findElementByXPath(RemoteWebDriver.java:428)
	at org.openqa.selenium.By$ByXPath.findElement(By.java:353)
	at org.openqa.selenium.remote.RemoteWebDriver.findElement(RemoteWebDriver.java:315)
	at org.openqa.selenium.support.pagefactory.DefaultElementLocator.findElement(DefaultElementLocator.java:69)
	at org.openqa.selenium.support.pagefactory.internal.LocatingElementHandler.invoke(LocatingElementHandler.java:38)
	at com.sun.proxy.$Proxy10.getText(Unknown Source)
	at com.TestCasesLeavePortal.EmployeeFunctions.ApplyLeave(EmployeeFunctions.java:137)
... Removed 28 stack frames
</div> <!-- stack-trace -->
                </div> <!-- method-content -->
              </div> <!-- method -->
              <div class="method">
                <div class="method-content">
                  <a name="ApplyLeaveInvalidDate">
                  </a> <!-- ApplyLeaveInvalidDate -->
                  <span class="method-name">ApplyLeaveInvalidDate</span>
                  <div class="stack-trace">org.openqa.selenium.NoSuchElementException: no such element: Unable to locate element: {&quot;method&quot;:&quot;xpath&quot;,&quot;selector&quot;:&quot;//a[@id=&apos;applyLeave&apos;]&quot;}
  (Session info: chrome=114.0.5735.199)
For documentation on this error, please visit: https://www.seleniumhq.org/exceptions/no_such_element.html
Build info: version: &apos;3.141.59&apos;, revision: &apos;e82be7d358&apos;, time: &apos;2018-11-14T08:17:03&apos;
System info: host: &apos;DTBLR01LP124&apos;, ip: &apos;192.168.1.10&apos;, os.name: &apos;Windows 10&apos;, os.arch: &apos;amd64&apos;, os.version: &apos;10.0&apos;, java.version: &apos;1.8.0_211&apos;
Driver info: org.openqa.selenium.chrome.ChromeDriver
Capabilities {acceptInsecureCerts: false, browserName: chrome, browserVersion: 114.0.5735.199, chrome: {chromedriverVersion: 113.0.5672.63 (0e1a4471d5ae..., userDataDir: C:\Users\DOMINI~1\AppData\L...}, goog:chromeOptions: {debuggerAddress: localhost:59512}, javascriptEnabled: true, networkConnectionEnabled: false, pageLoadStrategy: normal, platform: WINDOWS, platformName: WINDOWS, proxy: Proxy(), setWindowRect: true, strictFileInteractability: false, timeouts: {implicit: 0, pageLoad: 300000, script: 30000}, unhandledPromptBehavior: dismiss and notify, webauthn:extension:credBlob: true, webauthn:extension:largeBlob: true, webauthn:extension:minPinLength: true, webauthn:extension:prf: true, webauthn:virtualAuthenticators: true}
Session ID: 4004e329784b11590b260c6feb7fb048
*** Element info: {Using=xpath, value=//a[@id=&apos;applyLeave&apos;]}
	at org.openqa.selenium.remote.http.W3CHttpResponseCodec.createException(W3CHttpResponseCodec.java:187)
	at org.openqa.selenium.remote.http.W3CHttpResponseCodec.decode(W3CHttpResponseCodec.java:122)
	at org.openqa.selenium.remote.http.W3CHttpResponseCodec.decode(W3CHttpResponseCodec.java:49)
	at org.openqa.selenium.remote.HttpCommandExecutor.execute(HttpCommandExecutor.java:158)
	at org.openqa.selenium.remote.service.DriverCommandExecutor.execute(DriverCommandExecutor.java:83)
	at org.openqa.selenium.remote.RemoteWebDriver.execute(RemoteWebDriver.java:552)
	at org.openqa.selenium.remote.RemoteWebDriver.findElement(RemoteWebDriver.java:323)
	at org.openqa.selenium.remote.RemoteWebDriver.findElementByXPath(RemoteWebDriver.java:428)
	at org.openqa.selenium.By$ByXPath.findElement(By.java:353)
	at org.openqa.selenium.remote.RemoteWebDriver.findElement(RemoteWebDriver.java:315)
	at org.openqa.selenium.support.pagefactory.DefaultElementLocator.findElement(DefaultElementLocator.java:69)
	at org.openqa.selenium.support.pagefactory.internal.LocatingElementHandler.invoke(LocatingElementHandler.java:38)
	at com.sun.proxy.$Proxy10.click(Unknown Source)
	at com.PageObjectsLeavePortal.LeaveHistoryPOM.clickLeaveHistory(LeaveHistoryPOM.java:74)
	at com.TestCasesLeavePortal.EmployeeFunctions.ApplyLeaveInvalidDate(EmployeeFunctions.java:224)
... Removed 28 stack frames
</div> <!-- stack-trace -->
                </div> <!-- method-content -->
              </div> <!-- method -->
              <div class="method">
                <div class="method-content">
                  <a name="CancelAppliedLeave">
                  </a> <!-- CancelAppliedLeave -->
                  <span class="method-name">CancelAppliedLeave</span>
                  <div class="stack-trace">org.openqa.selenium.NoSuchElementException: no such element: Unable to locate element: {&quot;method&quot;:&quot;xpath&quot;,&quot;selector&quot;:&quot;//a[@id=&apos;applyLeave&apos;]&quot;}
  (Session info: chrome=114.0.5735.199)
For documentation on this error, please visit: https://www.seleniumhq.org/exceptions/no_such_element.html
Build info: version: &apos;3.141.59&apos;, revision: &apos;e82be7d358&apos;, time: &apos;2018-11-14T08:17:03&apos;
System info: host: &apos;DTBLR01LP124&apos;, ip: &apos;192.168.1.10&apos;, os.name: &apos;Windows 10&apos;, os.arch: &apos;amd64&apos;, os.version: &apos;10.0&apos;, java.version: &apos;1.8.0_211&apos;
Driver info: org.openqa.selenium.chrome.ChromeDriver
Capabilities {acceptInsecureCerts: false, browserName: chrome, browserVersion: 114.0.5735.199, chrome: {chromedriverVersion: 113.0.5672.63 (0e1a4471d5ae..., userDataDir: C:\Users\DOMINI~1\AppData\L...}, goog:chromeOptions: {debuggerAddress: localhost:59512}, javascriptEnabled: true, networkConnectionEnabled: false, pageLoadStrategy: normal, platform: WINDOWS, platformName: WINDOWS, proxy: Proxy(), setWindowRect: true, strictFileInteractability: false, timeouts: {implicit: 0, pageLoad: 300000, script: 30000}, unhandledPromptBehavior: dismiss and notify, webauthn:extension:credBlob: true, webauthn:extension:largeBlob: true, webauthn:extension:minPinLength: true, webauthn:extension:prf: true, webauthn:virtualAuthenticators: true}
Session ID: 4004e329784b11590b260c6feb7fb048
*** Element info: {Using=xpath, value=//a[@id=&apos;applyLeave&apos;]}
	at org.openqa.selenium.remote.http.W3CHttpResponseCodec.createException(W3CHttpResponseCodec.java:187)
	at org.openqa.selenium.remote.http.W3CHttpResponseCodec.decode(W3CHttpResponseCodec.java:122)
	at org.openqa.selenium.remote.http.W3CHttpResponseCodec.decode(W3CHttpResponseCodec.java:49)
	at org.openqa.selenium.remote.HttpCommandExecutor.execute(HttpCommandExecutor.java:158)
	at org.openqa.selenium.remote.service.DriverCommandExecutor.execute(DriverCommandExecutor.java:83)
	at org.openqa.selenium.remote.RemoteWebDriver.execute(RemoteWebDriver.java:552)
	at org.openqa.selenium.remote.RemoteWebDriver.findElement(RemoteWebDriver.java:323)
	at org.openqa.selenium.remote.RemoteWebDriver.findElementByXPath(RemoteWebDriver.java:428)
	at org.openqa.selenium.By$ByXPath.findElement(By.java:353)
	at org.openqa.selenium.remote.RemoteWebDriver.findElement(RemoteWebDriver.java:315)
	at org.openqa.selenium.support.pagefactory.DefaultElementLocator.findElement(DefaultElementLocator.java:69)
	at org.openqa.selenium.support.pagefactory.internal.LocatingElementHandler.invoke(LocatingElementHandler.java:38)
	at com.sun.proxy.$Proxy10.click(Unknown Source)
	at com.PageObjectsLeavePortal.LeaveHistoryPOM.clickLeaveHistory(LeaveHistoryPOM.java:74)
	at com.TestCasesLeavePortal.EmployeeFunctions.CancelAppliedLeave(EmployeeFunctions.java:147)
... Removed 28 stack frames
</div> <!-- stack-trace -->
                </div> <!-- method-content -->
              </div> <!-- method -->
              <div class="method">
                <div class="method-content">
                  <a name="ChangePasswordDigit">
                  </a> <!-- ChangePasswordDigit -->
                  <span class="method-name">ChangePasswordDigit</span>
                  <div class="stack-trace">org.openqa.selenium.NoSuchElementException: no such element: Unable to locate element: {&quot;method&quot;:&quot;xpath&quot;,&quot;selector&quot;:&quot;//button[@class=&apos;dropdown-toggle set_drop_dwn&apos;]&quot;}
  (Session info: chrome=114.0.5735.199)
For documentation on this error, please visit: https://www.seleniumhq.org/exceptions/no_such_element.html
Build info: version: &apos;3.141.59&apos;, revision: &apos;e82be7d358&apos;, time: &apos;2018-11-14T08:17:03&apos;
System info: host: &apos;DTBLR01LP124&apos;, ip: &apos;192.168.1.10&apos;, os.name: &apos;Windows 10&apos;, os.arch: &apos;amd64&apos;, os.version: &apos;10.0&apos;, java.version: &apos;1.8.0_211&apos;
Driver info: org.openqa.selenium.chrome.ChromeDriver
Capabilities {acceptInsecureCerts: false, browserName: chrome, browserVersion: 114.0.5735.199, chrome: {chromedriverVersion: 113.0.5672.63 (0e1a4471d5ae..., userDataDir: C:\Users\DOMINI~1\AppData\L...}, goog:chromeOptions: {debuggerAddress: localhost:59512}, javascriptEnabled: true, networkConnectionEnabled: false, pageLoadStrategy: normal, platform: WINDOWS, platformName: WINDOWS, proxy: Proxy(), setWindowRect: true, strictFileInteractability: false, timeouts: {implicit: 0, pageLoad: 300000, script: 30000}, unhandledPromptBehavior: dismiss and notify, webauthn:extension:credBlob: true, webauthn:extension:largeBlob: true, webauthn:extension:minPinLength: true, webauthn:extension:prf: true, webauthn:virtualAuthenticators: true}
Session ID: 4004e329784b11590b260c6feb7fb048
*** Element info: {Using=xpath, value=//button[@class=&apos;dropdown-toggle set_drop_dwn&apos;]}
	at org.openqa.selenium.remote.http.W3CHttpResponseCodec.createException(W3CHttpResponseCodec.java:187)
	at org.openqa.selenium.remote.http.W3CHttpResponseCodec.decode(W3CHttpResponseCodec.java:122)
	at org.openqa.selenium.remote.http.W3CHttpResponseCodec.decode(W3CHttpResponseCodec.java:49)
	at org.openqa.selenium.remote.HttpCommandExecutor.execute(HttpCommandExecutor.java:158)
	at org.openqa.selenium.remote.service.DriverCommandExecutor.execute(DriverCommandExecutor.java:83)
	at org.openqa.selenium.remote.RemoteWebDriver.execute(RemoteWebDriver.java:552)
	at org.openqa.selenium.remote.RemoteWebDriver.findElement(RemoteWebDriver.java:323)
	at org.openqa.selenium.remote.RemoteWebDriver.findElementByXPath(RemoteWebDriver.java:428)
	at org.openqa.selenium.By$ByXPath.findElement(By.java:353)
	at org.openqa.selenium.remote.RemoteWebDriver.findElement(RemoteWebDriver.java:315)
	at org.openqa.selenium.support.pagefactory.DefaultElementLocator.findElement(DefaultElementLocator.java:69)
	at org.openqa.selenium.support.pagefactory.internal.LocatingElementHandler.invoke(LocatingElementHandler.java:38)
	at com.sun.proxy.$Proxy10.click(Unknown Source)
	at com.PageObjectsLeavePortal.ChangePasswordPOM.clickProfileButton1(ChangePasswordPOM.java:49)
	at com.TestCasesLeavePortal.EmployeeFunctions.ChangePasswordDigit(EmployeeFunctions.java:203)
... Removed 28 stack frames
</div> <!-- stack-trace -->
                </div> <!-- method-content -->
              </div> <!-- method -->
              <div class="method">
                <div class="method-content">
                  <a name="ViewLeaveDetail">
                  </a> <!-- ViewLeaveDetail -->
                  <span class="method-name">ViewLeaveDetail</span>
                  <div class="stack-trace">org.openqa.selenium.NoSuchElementException: no such element: Unable to locate element: {&quot;method&quot;:&quot;xpath&quot;,&quot;selector&quot;:&quot;//a[@id=&apos;applyLeave&apos;]&quot;}
  (Session info: chrome=114.0.5735.199)
For documentation on this error, please visit: https://www.seleniumhq.org/exceptions/no_such_element.html
Build info: version: &apos;3.141.59&apos;, revision: &apos;e82be7d358&apos;, time: &apos;2018-11-14T08:17:03&apos;
System info: host: &apos;DTBLR01LP124&apos;, ip: &apos;192.168.1.10&apos;, os.name: &apos;Windows 10&apos;, os.arch: &apos;amd64&apos;, os.version: &apos;10.0&apos;, java.version: &apos;1.8.0_211&apos;
Driver info: org.openqa.selenium.chrome.ChromeDriver
Capabilities {acceptInsecureCerts: false, browserName: chrome, browserVersion: 114.0.5735.199, chrome: {chromedriverVersion: 113.0.5672.63 (0e1a4471d5ae..., userDataDir: C:\Users\DOMINI~1\AppData\L...}, goog:chromeOptions: {debuggerAddress: localhost:59512}, javascriptEnabled: true, networkConnectionEnabled: false, pageLoadStrategy: normal, platform: WINDOWS, platformName: WINDOWS, proxy: Proxy(), setWindowRect: true, strictFileInteractability: false, timeouts: {implicit: 0, pageLoad: 300000, script: 30000}, unhandledPromptBehavior: dismiss and notify, webauthn:extension:credBlob: true, webauthn:extension:largeBlob: true, webauthn:extension:minPinLength: true, webauthn:extension:prf: true, webauthn:virtualAuthenticators: true}
Session ID: 4004e329784b11590b260c6feb7fb048
*** Element info: {Using=xpath, value=//a[@id=&apos;applyLeave&apos;]}
	at org.openqa.selenium.remote.http.W3CHttpResponseCodec.createException(W3CHttpResponseCodec.java:187)
	at org.openqa.selenium.remote.http.W3CHttpResponseCodec.decode(W3CHttpResponseCodec.java:122)
	at org.openqa.selenium.remote.http.W3CHttpResponseCodec.decode(W3CHttpResponseCodec.java:49)
	at org.openqa.selenium.remote.HttpCommandExecutor.execute(HttpCommandExecutor.java:158)
	at org.openqa.selenium.remote.service.DriverCommandExecutor.execute(DriverCommandExecutor.java:83)
	at org.openqa.selenium.remote.RemoteWebDriver.execute(RemoteWebDriver.java:552)
	at org.openqa.selenium.remote.RemoteWebDriver.findElement(RemoteWebDriver.java:323)
	at org.openqa.selenium.remote.RemoteWebDriver.findElementByXPath(RemoteWebDriver.java:428)
	at org.openqa.selenium.By$ByXPath.findElement(By.java:353)
	at org.openqa.selenium.remote.RemoteWebDriver.findElement(RemoteWebDriver.java:315)
	at org.openqa.selenium.support.pagefactory.DefaultElementLocator.findElement(DefaultElementLocator.java:69)
	at org.openqa.selenium.support.pagefactory.internal.LocatingElementHandler.invoke(LocatingElementHandler.java:38)
	at com.sun.proxy.$Proxy10.click(Unknown Source)
	at com.PageObjectsLeavePortal.ViewAppliedLeavePOM.clickLeaveHistory(ViewAppliedLeavePOM.java:31)
	at com.TestCasesLeavePortal.EmployeeFunctions.ViewLeaveDetail(EmployeeFunctions.java:190)
... Removed 28 stack frames
</div> <!-- stack-trace -->
                </div> <!-- method-content -->
              </div> <!-- method -->
              <div class="method">
                <div class="method-content">
                  <a name="changePassword">
                  </a> <!-- changePassword -->
                  <span class="method-name">changePassword</span>
                  <div class="stack-trace">org.openqa.selenium.NoSuchElementException: no such element: Unable to locate element: {&quot;method&quot;:&quot;xpath&quot;,&quot;selector&quot;:&quot;//button[@class=&apos;dropdown-toggle set_drop_dwn&apos;]&quot;}
  (Session info: chrome=114.0.5735.199)
For documentation on this error, please visit: https://www.seleniumhq.org/exceptions/no_such_element.html
Build info: version: &apos;3.141.59&apos;, revision: &apos;e82be7d358&apos;, time: &apos;2018-11-14T08:17:03&apos;
System info: host: &apos;DTBLR01LP124&apos;, ip: &apos;192.168.1.10&apos;, os.name: &apos;Windows 10&apos;, os.arch: &apos;amd64&apos;, os.version: &apos;10.0&apos;, java.version: &apos;1.8.0_211&apos;
Driver info: org.openqa.selenium.chrome.ChromeDriver
Capabilities {acceptInsecureCerts: false, browserName: chrome, browserVersion: 114.0.5735.199, chrome: {chromedriverVersion: 113.0.5672.63 (0e1a4471d5ae..., userDataDir: C:\Users\DOMINI~1\AppData\L...}, goog:chromeOptions: {debuggerAddress: localhost:59512}, javascriptEnabled: true, networkConnectionEnabled: false, pageLoadStrategy: normal, platform: WINDOWS, platformName: WINDOWS, proxy: Proxy(), setWindowRect: true, strictFileInteractability: false, timeouts: {implicit: 0, pageLoad: 300000, script: 30000}, unhandledPromptBehavior: dismiss and notify, webauthn:extension:credBlob: true, webauthn:extension:largeBlob: true, webauthn:extension:minPinLength: true, webauthn:extension:prf: true, webauthn:virtualAuthenticators: true}
Session ID: 4004e329784b11590b260c6feb7fb048
*** Element info: {Using=xpath, value=//button[@class=&apos;dropdown-toggle set_drop_dwn&apos;]}
	at org.openqa.selenium.remote.http.W3CHttpResponseCodec.createException(W3CHttpResponseCodec.java:187)
	at org.openqa.selenium.remote.http.W3CHttpResponseCodec.decode(W3CHttpResponseCodec.java:122)
	at org.openqa.selenium.remote.http.W3CHttpResponseCodec.decode(W3CHttpResponseCodec.java:49)
	at org.openqa.selenium.remote.HttpCommandExecutor.execute(HttpCommandExecutor.java:158)
	at org.openqa.selenium.remote.service.DriverCommandExecutor.execute(DriverCommandExecutor.java:83)
	at org.openqa.selenium.remote.RemoteWebDriver.execute(RemoteWebDriver.java:552)
	at org.openqa.selenium.remote.RemoteWebDriver.findElement(RemoteWebDriver.java:323)
	at org.openqa.selenium.remote.RemoteWebDriver.findElementByXPath(RemoteWebDriver.java:428)
	at org.openqa.selenium.By$ByXPath.findElement(By.java:353)
	at org.openqa.selenium.remote.RemoteWebDriver.findElement(RemoteWebDriver.java:315)
	at org.openqa.selenium.support.pagefactory.DefaultElementLocator.findElement(DefaultElementLocator.java:69)
	at org.openqa.selenium.support.pagefactory.internal.LocatingElementHandler.invoke(LocatingElementHandler.java:38)
	at com.sun.proxy.$Proxy10.click(Unknown Source)
	at com.PageObjectsLeavePortal.ChangePasswordPOM.clickProfileButton1(ChangePasswordPOM.java:49)
	at com.TestCasesLeavePortal.EmployeeFunctions.changePassword(EmployeeFunctions.java:169)
... Removed 28 stack frames
</div> <!-- stack-trace -->
                </div> <!-- method-content -->
              </div> <!-- method -->
            </div> <!-- main-panel-content rounded-window-bottom -->
          </div> <!-- suite-FunctionalSuite-class-failed -->
          <div class="suite-FunctionalSuite-class-skipped">
            <div class="main-panel-header rounded-window-top">
              <img src="skipped.png"/>
              <span class="class-name">com.TestCasesLeavePortal.LeaveSummaryExcel</span>
            </div> <!-- main-panel-header rounded-window-top -->
            <div class="main-panel-content rounded-window-bottom">
              <div class="method">
                <div class="method-content">
                  <a name="LeaveSummaryData">
                  </a> <!-- LeaveSummaryData -->
                  <span class="method-name">LeaveSummaryData</span>
                </div> <!-- method-content -->
              </div> <!-- method -->
            </div> <!-- main-panel-content rounded-window-bottom -->
          </div> <!-- suite-FunctionalSuite-class-skipped -->
          <div class="suite-FunctionalSuite-class-skipped">
            <div class="main-panel-header rounded-window-top">
              <img src="skipped.png"/>
              <span class="class-name">com.TestCasesLeavePortal.ManagerFunctions</span>
            </div> <!-- main-panel-header rounded-window-top -->
            <div class="main-panel-content rounded-window-bottom">
              <div class="method">
                <div class="method-content">
                  <a name="apply">
                  </a> <!-- apply -->
                  <span class="method-name">apply</span>
                </div> <!-- method-content -->
              </div> <!-- method -->
            </div> <!-- main-panel-content rounded-window-bottom -->
          </div> <!-- suite-FunctionalSuite-class-skipped -->
          <div class="suite-FunctionalSuite-class-passed">
            <div class="main-panel-header rounded-window-top">
              <img src="passed.png"/>
              <span class="class-name">com.TestCasesLeavePortal.RejectLeave2</span>
            </div> <!-- main-panel-header rounded-window-top -->
            <div class="main-panel-content rounded-window-bottom">
              <div class="method">
                <div class="method-content">
                  <a name="RejectLeave">
                  </a> <!-- RejectLeave -->
                  <span class="method-name">RejectLeave</span>
                </div> <!-- method-content -->
              </div> <!-- method -->
            </div> <!-- main-panel-content rounded-window-bottom -->
          </div> <!-- suite-FunctionalSuite-class-passed -->
          <div class="suite-FunctionalSuite-class-passed">
            <div class="main-panel-header rounded-window-top">
              <img src="passed.png"/>
              <span class="class-name">com.TestCasesLeavePortal.EmployeeFunctions</span>
            </div> <!-- main-panel-header rounded-window-top -->
            <div class="main-panel-content rounded-window-bottom">
              <div class="method">
                <div class="method-content">
                  <a name="LeavePolicy">
                  </a> <!-- LeavePolicy -->
                  <span class="method-name">LeavePolicy</span>
                </div> <!-- method-content -->
              </div> <!-- method -->
              <div class="method">
                <div class="method-content">
                  <a name="LoginTest">
                  </a> <!-- LoginTest -->
                  <span class="method-name">LoginTest</span>
                </div> <!-- method-content -->
              </div> <!-- method -->
              <div class="method">
                <div class="method-content">
                  <a name="holidayList">
                  </a> <!-- holidayList -->
                  <span class="method-name">holidayList</span>
                </div> <!-- method-content -->
              </div> <!-- method -->
              <div class="method">
                <div class="method-content">
                  <a name="show_Employee_Details">
                  </a> <!-- show_Employee_Details -->
                  <span class="method-name">show_Employee_Details</span>
                </div> <!-- method-content -->
              </div> <!-- method -->
              <div class="method">
                <div class="method-content">
                  <a name="show_Leave_Details">
                  </a> <!-- show_Leave_Details -->
                  <span class="method-name">show_Leave_Details</span>
                </div> <!-- method-content -->
              </div> <!-- method -->
            </div> <!-- main-panel-content rounded-window-bottom -->
          </div> <!-- suite-FunctionalSuite-class-passed -->
        </div> <!-- panel FunctionalSuite -->
        <div panel-name="test-xml-FunctionalSuite" class="panel">
          <div class="main-panel-header rounded-window-top">
            <span class="header-content">C:\Users\dominicroya\Downloads\LeavePortalDemo\TestNG.xml</span>
          </div> <!-- main-panel-header rounded-window-top -->
          <div class="main-panel-content rounded-window-bottom">
            <pre>
&lt;?xml version=&quot;1.0&quot; encoding=&quot;UTF-8&quot;?&gt;
&lt;!DOCTYPE suite SYSTEM &quot;http://testng.org/testng-1.0.dtd&quot;&gt;
&lt;suite guice-stage=&quot;DEVELOPMENT&quot; name=&quot;FunctionalSuite&quot;&gt;
  &lt;test name=&quot;Test&quot;&gt;
    &lt;classes&gt;
      &lt;class name=&quot;com.TestCasesLeavePortal.EmployeeFunctions&quot;/&gt;
      &lt;class name=&quot;com.TestCasesLeavePortal.ManagerFunctions&quot;/&gt;
      &lt;class name=&quot;com.TestCasesLeavePortal.RejectLeave2&quot;/&gt;
      &lt;class name=&quot;com.TestCasesLeavePortal.LeaveSummaryExcel&quot;/&gt;
    &lt;/classes&gt;
  &lt;/test&gt; &lt;!-- Test --&gt;
&lt;/suite&gt; &lt;!-- FunctionalSuite --&gt;
            </pre>
          </div> <!-- main-panel-content rounded-window-bottom -->
        </div> <!-- panel -->
        <div panel-name="testlist-FunctionalSuite" class="panel">
          <div class="main-panel-header rounded-window-top">
            <span class="header-content">Tests for FunctionalSuite</span>
          </div> <!-- main-panel-header rounded-window-top -->
          <div class="main-panel-content rounded-window-bottom">
            <ul>
              <li>
                <span class="test-name">Test (4 classes)</span>
              </li>
            </ul>
          </div> <!-- main-panel-content rounded-window-bottom -->
        </div> <!-- panel -->
        <div panel-name="group-FunctionalSuite" class="panel">
          <div class="main-panel-header rounded-window-top">
            <span class="header-content">Groups for FunctionalSuite</span>
          </div> <!-- main-panel-header rounded-window-top -->
          <div class="main-panel-content rounded-window-bottom">
          </div> <!-- main-panel-content rounded-window-bottom -->
        </div> <!-- panel -->
        <div panel-name="times-FunctionalSuite" class="panel">
          <div class="main-panel-header rounded-window-top">
            <span class="header-content">Times for FunctionalSuite</span>
          </div> <!-- main-panel-header rounded-window-top -->
          <div class="main-panel-content rounded-window-bottom">
            <div class="times-div">
              <script type="text/javascript">
suiteTableInitFunctions.push('tableData_FunctionalSuite');
function tableData_FunctionalSuite() {
var data = new google.visualization.DataTable();
data.addColumn('number', 'Number');
data.addColumn('string', 'Method');
data.addColumn('string', 'Class');
data.addColumn('number', 'Time (ms)');
data.addRows(15);
data.setCell(0, 0, 0)
data.setCell(0, 1, 'ApplyLeave')
data.setCell(0, 2, 'com.TestCasesLeavePortal.EmployeeFunctions')
data.setCell(0, 3, 37019);
data.setCell(1, 0, 1)
data.setCell(1, 1, 'RejectLeave')
data.setCell(1, 2, 'com.TestCasesLeavePortal.RejectLeave2')
data.setCell(1, 3, 14570);
data.setCell(2, 0, 2)
data.setCell(2, 1, 'holidayList')
data.setCell(2, 2, 'com.TestCasesLeavePortal.EmployeeFunctions')
data.setCell(2, 3, 6402);
data.setCell(3, 0, 3)
data.setCell(3, 1, 'LeavePolicy')
data.setCell(3, 2, 'com.TestCasesLeavePortal.EmployeeFunctions')
data.setCell(3, 3, 3416);
data.setCell(4, 0, 4)
data.setCell(4, 1, 'changePassword')
data.setCell(4, 2, 'com.TestCasesLeavePortal.EmployeeFunctions')
data.setCell(4, 3, 3302);
data.setCell(5, 0, 5)
data.setCell(5, 1, 'CancelAppliedLeave')
data.setCell(5, 2, 'com.TestCasesLeavePortal.EmployeeFunctions')
data.setCell(5, 3, 3105);
data.setCell(6, 0, 6)
data.setCell(6, 1, 'ApplyLeaveInvalidDate')
data.setCell(6, 2, 'com.TestCasesLeavePortal.EmployeeFunctions')
data.setCell(6, 3, 3099);
data.setCell(7, 0, 7)
data.setCell(7, 1, 'ChangePasswordDigit')
data.setCell(7, 2, 'com.TestCasesLeavePortal.EmployeeFunctions')
data.setCell(7, 3, 3062);
data.setCell(8, 0, 8)
data.setCell(8, 1, 'ViewLeaveDetail')
data.setCell(8, 2, 'com.TestCasesLeavePortal.EmployeeFunctions')
data.setCell(8, 3, 3042);
data.setCell(9, 0, 9)
data.setCell(9, 1, 'ViewLeaveDetail')
data.setCell(9, 2, 'com.TestCasesLeavePortal.RejectLeave2')
data.setCell(9, 3, 1132);
data.setCell(10, 0, 10)
data.setCell(10, 1, 'show_Employee_Details')
data.setCell(10, 2, 'com.TestCasesLeavePortal.EmployeeFunctions')
data.setCell(10, 3, 454);
data.setCell(11, 0, 11)
data.setCell(11, 1, 'show_Leave_Details')
data.setCell(11, 2, 'com.TestCasesLeavePortal.EmployeeFunctions')
data.setCell(11, 3, 437);
data.setCell(12, 0, 12)
data.setCell(12, 1, 'LoginTest')
data.setCell(12, 2, 'com.TestCasesLeavePortal.EmployeeFunctions')
data.setCell(12, 3, 91);
data.setCell(13, 0, 13)
data.setCell(13, 1, 'LeaveSummaryData')
data.setCell(13, 2, 'com.TestCasesLeavePortal.LeaveSummaryExcel')
data.setCell(13, 3, 1);
data.setCell(14, 0, 14)
data.setCell(14, 1, 'apply')
data.setCell(14, 2, 'com.TestCasesLeavePortal.ManagerFunctions')
data.setCell(14, 3, 1);
window.suiteTableData['FunctionalSuite']= { tableData: data, tableDiv: 'times-div-FunctionalSuite'}
return data;
}
              </script>
              <span class="suite-total-time">Total running time: 1 minutes</span>
              <div id="times-div-FunctionalSuite">
              </div> <!-- times-div-FunctionalSuite -->
            </div> <!-- times-div -->
          </div> <!-- main-panel-content rounded-window-bottom -->
        </div> <!-- panel -->
        <div panel-name="reporter-FunctionalSuite" class="panel">
          <div class="main-panel-header rounded-window-top">
            <span class="header-content">Reporter output for FunctionalSuite</span>
          </div> <!-- main-panel-header rounded-window-top -->
          <div class="main-panel-content rounded-window-bottom">
          </div> <!-- main-panel-content rounded-window-bottom -->
        </div> <!-- panel -->
        <div panel-name="ignored-methods-FunctionalSuite" class="panel">
          <div class="main-panel-header rounded-window-top">
            <span class="header-content">0 ignored methods</span>
          </div> <!-- main-panel-header rounded-window-top -->
          <div class="main-panel-content rounded-window-bottom">
          </div> <!-- main-panel-content rounded-window-bottom -->
        </div> <!-- panel -->
        <div panel-name="chronological-FunctionalSuite" class="panel">
          <div class="main-panel-header rounded-window-top">
            <span class="header-content">Methods in chronological order</span>
          </div> <!-- main-panel-header rounded-window-top -->
          <div class="main-panel-content rounded-window-bottom">
            <div class="chronological-class">
              <div class="chronological-class-name">com.TestCasesLeavePortal.EmployeeFunctions</div> <!-- chronological-class-name -->
              <div class="configuration-class before">
                <span class="method-name">setup</span>
                <span class="method-start">0 ms</span>
              </div> <!-- configuration-class before -->
              <div class="configuration-method before">
                <span class="method-name">Time</span>
                <span class="method-start">10397 ms</span>
              </div> <!-- configuration-method before -->
              <div class="test-method">
                <span class="method-name">LoginTest</span>
                <span class="method-start">10401 ms</span>
              </div> <!-- test-method -->
              <div class="configuration-method after">
                <span class="method-name">screenShot([TestResult name=LoginTest status=SUCCESS method=EmployeeFunctions.LoginTest()[pri:1, instance:com.T...)</span>
                <span class="method-start">10493 ms</span>
              </div> <!-- configuration-method after -->
              <div class="configuration-method before">
                <span class="method-name">Time</span>
                <span class="method-start">10494 ms</span>
              </div> <!-- configuration-method before -->
              <div class="test-method">
                <span class="method-name">show_Employee_Details</span>
                <span class="method-start">10494 ms</span>
              </div> <!-- test-method -->
              <div class="configuration-method before">
                <span class="method-name">Time</span>
                <span class="method-start">10949 ms</span>
              </div> <!-- configuration-method before -->
              <div class="configuration-method after">
                <span class="method-name">screenShot([TestResult name=show_Employee_Details status=SUCCESS method=EmployeeFunctions.show_Employee_Details...)</span>
                <span class="method-start">10949 ms</span>
              </div> <!-- configuration-method after -->
              <div class="test-method">
                <span class="method-name">show_Leave_Details</span>
                <span class="method-start">10950 ms</span>
              </div> <!-- test-method -->
              <div class="configuration-method before">
                <span class="method-name">Time</span>
                <span class="method-start">11387 ms</span>
              </div> <!-- configuration-method before -->
              <div class="configuration-method after">
                <span class="method-name">screenShot([TestResult name=show_Leave_Details status=SUCCESS method=EmployeeFunctions.show_Leave_Details()[pri...)</span>
                <span class="method-start">11387 ms</span>
              </div> <!-- configuration-method after -->
              <div class="test-method">
                <span class="method-name">LeavePolicy</span>
                <span class="method-start">11388 ms</span>
              </div> <!-- test-method -->
              <div class="configuration-method before">
                <span class="method-name">Time</span>
                <span class="method-start">14805 ms</span>
              </div> <!-- configuration-method before -->
              <div class="test-method">
                <span class="method-name">holidayList</span>
                <span class="method-start">14805 ms</span>
              </div> <!-- test-method -->
              <div class="configuration-method after">
                <span class="method-name">screenShot([TestResult name=LeavePolicy status=SUCCESS method=EmployeeFunctions.LeavePolicy()[pri:4, instance:c...)</span>
                <span class="method-start">14805 ms</span>
              </div> <!-- configuration-method after -->
              <div class="configuration-method after">
                <span class="method-name">screenShot([TestResult name=holidayList status=SUCCESS method=EmployeeFunctions.holidayList()[pri:5, instance:c...)</span>
                <span class="method-start">21209 ms</span>
              </div> <!-- configuration-method after -->
              <div class="configuration-method before">
                <span class="method-name">Time</span>
                <span class="method-start">21211 ms</span>
              </div> <!-- configuration-method before -->
              <div class="test-method">
                <img src="failed.png">
                </img>
                <span class="method-name">ApplyLeave</span>
                <span class="method-start">21212 ms</span>
              </div> <!-- test-method -->
              <div class="configuration-method after">
                <span class="method-name">screenShot([TestResult name=ApplyLeave status=FAILURE method=EmployeeFunctions.ApplyLeave()[pri:6, instance:com...)</span>
                <span class="method-start">58240 ms</span>
              </div> <!-- configuration-method after -->
              <div class="configuration-method before">
                <span class="method-name">Time</span>
                <span class="method-start">58726 ms</span>
              </div> <!-- configuration-method before -->
              <div class="test-method">
                <img src="failed.png">
                </img>
                <span class="method-name">CancelAppliedLeave</span>
                <span class="method-start">58727 ms</span>
              </div> <!-- test-method -->
              <div class="configuration-method after">
                <span class="method-name">screenShot([TestResult name=CancelAppliedLeave status=FAILURE method=EmployeeFunctions.CancelAppliedLeave()[pri...)</span>
                <span class="method-start">61835 ms</span>
              </div> <!-- configuration-method after -->
              <div class="configuration-method before">
                <span class="method-name">Time</span>
                <span class="method-start">62459 ms</span>
              </div> <!-- configuration-method before -->
              <div class="test-method">
                <img src="failed.png">
                </img>
                <span class="method-name">changePassword</span>
                <span class="method-start">62460 ms</span>
              </div> <!-- test-method -->
              <div class="configuration-method after">
                <span class="method-name">screenShot([TestResult name=changePassword status=FAILURE method=EmployeeFunctions.changePassword()[pri:8, inst...)</span>
                <span class="method-start">65767 ms</span>
              </div> <!-- configuration-method after -->
              <div class="configuration-method before">
                <span class="method-name">Time</span>
                <span class="method-start">66328 ms</span>
              </div> <!-- configuration-method before -->
              <div class="test-method">
                <img src="failed.png">
                </img>
                <span class="method-name">ViewLeaveDetail</span>
                <span class="method-start">66328 ms</span>
              </div> <!-- test-method -->
              <div class="configuration-method after">
                <span class="method-name">screenShot([TestResult name=ViewLeaveDetail status=FAILURE method=EmployeeFunctions.ViewLeaveDetail()[pri:9, in...)</span>
                <span class="method-start">69373 ms</span>
              </div> <!-- configuration-method after -->
              <div class="configuration-method before">
                <span class="method-name">Time</span>
                <span class="method-start">69954 ms</span>
              </div> <!-- configuration-method before -->
              <div class="test-method">
                <img src="failed.png">
                </img>
                <span class="method-name">ChangePasswordDigit</span>
                <span class="method-start">69955 ms</span>
              </div> <!-- test-method -->
              <div class="configuration-method after">
                <span class="method-name">screenShot([TestResult name=ChangePasswordDigit status=FAILURE method=EmployeeFunctions.ChangePasswordDigit()[p...)</span>
                <span class="method-start">73022 ms</span>
              </div> <!-- configuration-method after -->
              <div class="test-method">
                <img src="failed.png">
                </img>
                <span class="method-name">ApplyLeaveInvalidDate</span>
                <span class="method-start">73566 ms</span>
              </div> <!-- test-method -->
              <div class="configuration-method before">
                <span class="method-name">Time</span>
                <span class="method-start">73566 ms</span>
              </div> <!-- configuration-method before -->
              <div class="configuration-method after">
                <span class="method-name">screenShot([TestResult name=ApplyLeaveInvalidDate status=FAILURE method=EmployeeFunctions.ApplyLeaveInvalidDate...)</span>
                <span class="method-start">76668 ms</span>
              </div> <!-- configuration-method after -->
              <div class="configuration-class after">
                <img src="failed.png">
                </img>
                <span class="method-name">tearDown</span>
                <span class="method-start">77244 ms</span>
              </div> <!-- configuration-class after -->
            </div> <!-- chronological-class -->
            <div class="chronological-class">
              <div class="chronological-class-name">com.TestCasesLeavePortal.ManagerFunctions</div> <!-- chronological-class-name -->
              <div class="test-method">
                <span class="method-name">apply</span>
                <span class="method-start">82325 ms</span>
              </div> <!-- test-method -->
            </div> <!-- chronological-class -->
            <div class="chronological-class">
              <div class="chronological-class-name">com.TestCasesLeavePortal.RejectLeave2</div> <!-- chronological-class-name -->
              <div class="configuration-class before">
                <span class="method-name">setup</span>
                <span class="method-start">82328 ms</span>
              </div> <!-- configuration-class before -->
              <div class="configuration-method before">
                <span class="method-name">Time</span>
                <span class="method-start">89134 ms</span>
              </div> <!-- configuration-method before -->
              <div class="test-method">
                <span class="method-name">RejectLeave</span>
                <span class="method-start">89135 ms</span>
              </div> <!-- test-method -->
              <div class="configuration-method after">
                <span class="method-name">screenShot([TestResult name=RejectLeave status=SUCCESS method=RejectLeave2.RejectLeave()[pri:13, instance:com.T...)</span>
                <span class="method-start">103706 ms</span>
              </div> <!-- configuration-method after -->
              <div class="configuration-method before">
                <span class="method-name">Time</span>
                <span class="method-start">103707 ms</span>
              </div> <!-- configuration-method before -->
              <div class="test-method">
                <img src="failed.png">
                </img>
                <span class="method-name">ViewLeaveDetail</span>
                <span class="method-start">103707 ms</span>
              </div> <!-- test-method -->
              <div class="configuration-method after">
                <span class="method-name">screenShot([TestResult name=ViewLeaveDetail status=FAILURE method=RejectLeave2.ViewLeaveDetail()[pri:14, instan...)</span>
                <span class="method-start">104844 ms</span>
              </div> <!-- configuration-method after -->
              <div class="configuration-class after">
                <img src="failed.png">
                </img>
                <span class="method-name">tearDown</span>
                <span class="method-start">104986 ms</span>
              </div> <!-- configuration-class after -->
            </div> <!-- chronological-class -->
            <div class="chronological-class">
              <div class="chronological-class-name">com.TestCasesLeavePortal.LeaveSummaryExcel</div> <!-- chronological-class-name -->
              <div class="test-method">
                <span class="method-name">LeaveSummaryData</span>
                <span class="method-start">108194 ms</span>
              </div> <!-- test-method -->
          </div> <!-- main-panel-content rounded-window-bottom -->
        </div> <!-- panel -->
      </div> <!-- main-panel-root -->
    </div> <!-- wrapper -->
  </body>
</html>
